{"total": {"lines":{"total":588,"covered":292,"skipped":0,"pct":49.65},"statements":{"total":599,"covered":298,"skipped":0,"pct":49.74},"functions":{"total":116,"covered":64,"skipped":0,"pct":55.17},"branches":{"total":64,"covered":23,"skipped":0,"pct":35.93},"branchesTrue":{"total":0,"covered":0,"skipped":0,"pct":100}}
,"E:\\side_project\\DogeStore\\src\\index.ts": {"lines":{"total":47,"covered":0,"skipped":0,"pct":0},"functions":{"total":15,"covered":0,"skipped":0,"pct":0},"statements":{"total":51,"covered":0,"skipped":0,"pct":0},"branches":{"total":5,"covered":0,"skipped":0,"pct":0}}
,"E:\\side_project\\DogeStore\\src\\config\\config.ts": {"lines":{"total":10,"covered":6,"skipped":0,"pct":60},"functions":{"total":1,"covered":1,"skipped":0,"pct":100},"statements":{"total":11,"covered":7,"skipped":0,"pct":63.63},"branches":{"total":1,"covered":0,"skipped":0,"pct":0}}
,"E:\\side_project\\DogeStore\\src\\db\\MySQLConnectionPool.ts": {"lines":{"total":18,"covered":15,"skipped":0,"pct":83.33},"functions":{"total":5,"covered":3,"skipped":0,"pct":60},"statements":{"total":18,"covered":15,"skipped":0,"pct":83.33},"branches":{"total":2,"covered":2,"skipped":0,"pct":100}}
,"E:\\side_project\\DogeStore\\src\\db\\SeedDBFromSQLfile.ts": {"lines":{"total":10,"covered":7,"skipped":0,"pct":70},"functions":{"total":3,"covered":2,"skipped":0,"pct":66.66},"statements":{"total":10,"covered":7,"skipped":0,"pct":70},"branches":{"total":0,"covered":0,"skipped":0,"pct":100}}
,"E:\\side_project\\DogeStore\\src\\db\\db.ts": {"lines":{"total":27,"covered":24,"skipped":0,"pct":88.88},"functions":{"total":3,"covered":3,"skipped":0,"pct":100},"statements":{"total":27,"covered":24,"skipped":0,"pct":88.88},"branches":{"total":2,"covered":2,"skipped":0,"pct":100}}
,"E:\\side_project\\DogeStore\\src\\db\\seed.ts": {"lines":{"total":47,"covered":21,"skipped":0,"pct":44.68},"functions":{"total":5,"covered":1,"skipped":0,"pct":20},"statements":{"total":47,"covered":21,"skipped":0,"pct":44.68},"branches":{"total":3,"covered":0,"skipped":0,"pct":0}}
,"E:\\side_project\\DogeStore\\src\\entity\\Product.ts": {"lines":{"total":28,"covered":28,"skipped":0,"pct":100},"functions":{"total":2,"covered":2,"skipped":0,"pct":100},"statements":{"total":28,"covered":28,"skipped":0,"pct":100},"branches":{"total":4,"covered":4,"skipped":0,"pct":100}}
,"E:\\side_project\\DogeStore\\src\\entity\\User.ts": {"lines":{"total":5,"covered":5,"skipped":0,"pct":100},"functions":{"total":1,"covered":1,"skipped":0,"pct":100},"statements":{"total":5,"covered":5,"skipped":0,"pct":100},"branches":{"total":0,"covered":0,"skipped":0,"pct":100}}
,"E:\\side_project\\DogeStore\\src\\middleware\\isAdmin.ts": {"lines":{"total":5,"covered":0,"skipped":0,"pct":0},"functions":{"total":1,"covered":0,"skipped":0,"pct":0},"statements":{"total":5,"covered":0,"skipped":0,"pct":0},"branches":{"total":2,"covered":0,"skipped":0,"pct":0}}
,"E:\\side_project\\DogeStore\\src\\middleware\\jwtAuth.ts": {"lines":{"total":14,"covered":8,"skipped":0,"pct":57.14},"functions":{"total":1,"covered":1,"skipped":0,"pct":100},"statements":{"total":14,"covered":8,"skipped":0,"pct":57.14},"branches":{"total":4,"covered":1,"skipped":0,"pct":25}}
,"E:\\side_project\\DogeStore\\src\\repositories\\ProductDAO.ts": {"lines":{"total":37,"covered":33,"skipped":0,"pct":89.18},"functions":{"total":10,"covered":10,"skipped":0,"pct":100},"statements":{"total":39,"covered":35,"skipped":0,"pct":89.74},"branches":{"total":3,"covered":2,"skipped":0,"pct":66.66}}
,"E:\\side_project\\DogeStore\\src\\repositories\\PurchaseListDAO.ts": {"lines":{"total":21,"covered":20,"skipped":0,"pct":95.23},"functions":{"total":6,"covered":6,"skipped":0,"pct":100},"statements":{"total":22,"covered":21,"skipped":0,"pct":95.45},"branches":{"total":1,"covered":1,"skipped":0,"pct":100}}
,"E:\\side_project\\DogeStore\\src\\repositories\\UserDAO.ts": {"lines":{"total":48,"covered":33,"skipped":0,"pct":68.75},"functions":{"total":13,"covered":10,"skipped":0,"pct":76.92},"statements":{"total":51,"covered":35,"skipped":0,"pct":68.62},"branches":{"total":4,"covered":2,"skipped":0,"pct":50}}
,"E:\\side_project\\DogeStore\\src\\routes\\ProductRoutes.ts": {"lines":{"total":59,"covered":0,"skipped":0,"pct":0},"functions":{"total":7,"covered":0,"skipped":0,"pct":0},"statements":{"total":59,"covered":0,"skipped":0,"pct":0},"branches":{"total":8,"covered":0,"skipped":0,"pct":0}}
,"E:\\side_project\\DogeStore\\src\\routes\\PurchaseRouter.ts": {"lines":{"total":65,"covered":0,"skipped":0,"pct":0},"functions":{"total":7,"covered":0,"skipped":0,"pct":0},"statements":{"total":65,"covered":0,"skipped":0,"pct":0},"branches":{"total":9,"covered":0,"skipped":0,"pct":0}}
,"E:\\side_project\\DogeStore\\src\\routes\\UserRoutes.ts": {"lines":{"total":32,"covered":0,"skipped":0,"pct":0},"functions":{"total":4,"covered":0,"skipped":0,"pct":0},"statements":{"total":32,"covered":0,"skipped":0,"pct":0},"branches":{"total":2,"covered":0,"skipped":0,"pct":0}}
,"E:\\side_project\\DogeStore\\src\\routes\\index.ts": {"lines":{"total":7,"covered":0,"skipped":0,"pct":0},"functions":{"total":1,"covered":0,"skipped":0,"pct":0},"statements":{"total":7,"covered":0,"skipped":0,"pct":0},"branches":{"total":0,"covered":0,"skipped":0,"pct":100}}
,"E:\\side_project\\DogeStore\\src\\service\\JWTService.ts": {"lines":{"total":13,"covered":13,"skipped":0,"pct":100},"functions":{"total":4,"covered":4,"skipped":0,"pct":100},"statements":{"total":13,"covered":13,"skipped":0,"pct":100},"branches":{"total":2,"covered":2,"skipped":0,"pct":100}}
,"E:\\side_project\\DogeStore\\src\\service\\ProductService.ts": {"lines":{"total":38,"covered":36,"skipped":0,"pct":94.73},"functions":{"total":14,"covered":10,"skipped":0,"pct":71.42},"statements":{"total":38,"covered":36,"skipped":0,"pct":94.73},"branches":{"total":1,"covered":1,"skipped":0,"pct":100}}
,"E:\\side_project\\DogeStore\\src\\service\\PurchaseListService.ts": {"lines":{"total":16,"covered":14,"skipped":0,"pct":87.5},"functions":{"total":4,"covered":3,"skipped":0,"pct":75},"statements":{"total":16,"covered":14,"skipped":0,"pct":87.5},"branches":{"total":2,"covered":2,"skipped":0,"pct":100}}
,"E:\\side_project\\DogeStore\\src\\service\\UserService.ts": {"lines":{"total":36,"covered":29,"skipped":0,"pct":80.55},"functions":{"total":8,"covered":7,"skipped":0,"pct":87.5},"statements":{"total":36,"covered":29,"skipped":0,"pct":80.55},"branches":{"total":7,"covered":4,"skipped":0,"pct":57.14}}
,"E:\\side_project\\DogeStore\\src\\utils\\utils.ts": {"lines":{"total":5,"covered":0,"skipped":0,"pct":0},"functions":{"total":1,"covered":0,"skipped":0,"pct":0},"statements":{"total":5,"covered":0,"skipped":0,"pct":0},"branches":{"total":2,"covered":0,"skipped":0,"pct":0}}
}
