{"E:\\side_project\\DogeStore\\src\\index.ts": {"path":"E:\\side_project\\DogeStore\\src\\index.ts","statementMap":{"0":{"start":{"line":1,"column":0},"end":{"line":1,"column":23}},"1":{"start":{"line":2,"column":0},"end":{"line":2,"column":76}},"2":{"start":{"line":3,"column":0},"end":{"line":3,"column":30}},"3":{"start":{"line":4,"column":0},"end":{"line":4,"column":84}},"4":{"start":{"line":5,"column":0},"end":{"line":5,"column":53}},"5":{"start":{"line":6,"column":11},"end":{"line":6,"column":26}},"6":{"start":{"line":7,"column":0},"end":{"line":7,"column":24}},"7":{"start":{"line":8,"column":0},"end":{"line":8,"column":59}},"8":{"start":{"line":10,"column":21},"end":{"line":10,"column":30}},"9":{"start":{"line":12,"column":0},"end":{"line":12,"column":28}},"10":{"start":{"line":13,"column":0},"end":{"line":13,"column":24}},"11":{"start":{"line":14,"column":0},"end":{"line":14,"column":null}},"12":{"start":{"line":16,"column":0},"end":{"line":16,"column":70}},"13":{"start":{"line":17,"column":0},"end":{"line":17,"column":16}},"14":{"start":{"line":20,"column":0},"end":{"line":27,"column":null}},"15":{"start":{"line":21,"column":1},"end":{"line":23,"column":null}},"16":{"start":{"line":22,"column":2},"end":{"line":22,"column":null}},"17":{"start":{"line":25,"column":1},"end":{"line":25,"column":20}},"18":{"start":{"line":26,"column":1},"end":{"line":26,"column":null}},"19":{"start":{"line":31,"column":0},"end":{"line":33,"column":3}},"20":{"start":{"line":32,"column":1},"end":{"line":32,"column":33}},"21":{"start":{"line":35,"column":15},"end":{"line":35,"column":44}},"22":{"start":{"line":37,"column":19},"end":{"line":41,"column":null}},"23":{"start":{"line":37,"column":30},"end":{"line":41,"column":null}},"24":{"start":{"line":38,"column":1},"end":{"line":38,"column":23}},"25":{"start":{"line":39,"column":1},"end":{"line":39,"column":28}},"26":{"start":{"line":40,"column":1},"end":{"line":40,"column":30}},"27":{"start":{"line":43,"column":13},"end":{"line":46,"column":null}},"28":{"start":{"line":43,"column":24},"end":{"line":46,"column":null}},"29":{"start":{"line":44,"column":1},"end":{"line":44,"column":32}},"30":{"start":{"line":45,"column":1},"end":{"line":45,"column":28}},"31":{"start":{"line":49,"column":0},"end":{"line":77,"column":null}},"32":{"start":{"line":51,"column":1},"end":{"line":60,"column":4}},"33":{"start":{"line":52,"column":15},"end":{"line":52,"column":43}},"34":{"start":{"line":53,"column":2},"end":{"line":55,"column":5}},"35":{"start":{"line":53,"column":30},"end":{"line":55,"column":4}},"36":{"start":{"line":54,"column":3},"end":{"line":54,"column":77}},"37":{"start":{"line":58,"column":2},"end":{"line":58,"column":39}},"38":{"start":{"line":59,"column":2},"end":{"line":59,"column":21}},"39":{"start":{"line":62,"column":7},"end":{"line":77,"column":null}},"40":{"start":{"line":64,"column":1},"end":{"line":73,"column":4}},"41":{"start":{"line":65,"column":15},"end":{"line":65,"column":38}},"42":{"start":{"line":66,"column":2},"end":{"line":68,"column":5}},"43":{"start":{"line":66,"column":30},"end":{"line":68,"column":4}},"44":{"start":{"line":67,"column":3},"end":{"line":67,"column":77}},"45":{"start":{"line":71,"column":2},"end":{"line":71,"column":34}},"46":{"start":{"line":72,"column":2},"end":{"line":72,"column":21}},"47":{"start":{"line":76,"column":1},"end":{"line":76,"column":65}},"48":{"start":{"line":80,"column":0},"end":{"line":83,"column":3}},"49":{"start":{"line":81,"column":1},"end":{"line":81,"column":34}},"50":{"start":{"line":82,"column":1},"end":{"line":82,"column":16}}},"fnMap":{"0":{"name":"(anonymous_8)","decl":{"start":{"line":20,"column":8},"end":{"line":20,"column":18}},"loc":{"start":{"line":20,"column":75},"end":{"line":27,"column":1}}},"1":{"name":"(anonymous_9)","decl":{"start":{"line":31,"column":13},"end":{"line":31,"column":23}},"loc":{"start":{"line":31,"column":31},"end":{"line":33,"column":1}}},"2":{"name":"(anonymous_10)","decl":{"start":{"line":37,"column":19},"end":{"line":37,"column":28}},"loc":{"start":{"line":37,"column":30},"end":{"line":41,"column":null}}},"3":{"name":"(anonymous_11)","decl":{"start":{"line":37,"column":30},"end":{"line":37,"column":null}},"loc":{"start":{"line":37,"column":30},"end":{"line":41,"column":1}}},"4":{"name":"(anonymous_12)","decl":{"start":{"line":43,"column":13},"end":{"line":43,"column":22}},"loc":{"start":{"line":43,"column":24},"end":{"line":46,"column":null}}},"5":{"name":"(anonymous_13)","decl":{"start":{"line":43,"column":24},"end":{"line":43,"column":null}},"loc":{"start":{"line":43,"column":24},"end":{"line":46,"column":1}}},"6":{"name":"(anonymous_14)","decl":{"start":{"line":51,"column":21},"end":{"line":51,"column":24}},"loc":{"start":{"line":51,"column":26},"end":{"line":57,"column":2}}},"7":{"name":"(anonymous_15)","decl":{"start":{"line":53,"column":19},"end":{"line":53,"column":28}},"loc":{"start":{"line":53,"column":30},"end":{"line":55,"column":4}}},"8":{"name":"(anonymous_16)","decl":{"start":{"line":53,"column":30},"end":{"line":53,"column":null}},"loc":{"start":{"line":53,"column":30},"end":{"line":55,"column":3}}},"9":{"name":"(anonymous_17)","decl":{"start":{"line":57,"column":10},"end":{"line":57,"column":11}},"loc":{"start":{"line":57,"column":18},"end":{"line":60,"column":2}}},"10":{"name":"(anonymous_18)","decl":{"start":{"line":64,"column":15},"end":{"line":64,"column":18}},"loc":{"start":{"line":64,"column":20},"end":{"line":70,"column":2}}},"11":{"name":"(anonymous_19)","decl":{"start":{"line":66,"column":19},"end":{"line":66,"column":28}},"loc":{"start":{"line":66,"column":30},"end":{"line":68,"column":4}}},"12":{"name":"(anonymous_20)","decl":{"start":{"line":66,"column":30},"end":{"line":66,"column":null}},"loc":{"start":{"line":66,"column":30},"end":{"line":68,"column":3}}},"13":{"name":"(anonymous_21)","decl":{"start":{"line":70,"column":10},"end":{"line":70,"column":11}},"loc":{"start":{"line":70,"column":18},"end":{"line":73,"column":2}}},"14":{"name":"(anonymous_22)","decl":{"start":{"line":80,"column":21},"end":{"line":80,"column":null}},"loc":{"start":{"line":80,"column":21},"end":{"line":83,"column":1}}}},"branchMap":{"0":{"loc":{"start":{"line":21,"column":1},"end":{"line":23,"column":null}},"type":"if","locations":[{"start":{"line":21,"column":1},"end":{"line":23,"column":null}}]},"1":{"loc":{"start":{"line":49,"column":0},"end":{"line":77,"column":null}},"type":"if","locations":[{"start":{"line":49,"column":0},"end":{"line":77,"column":null}},{"start":{"line":62,"column":7},"end":{"line":77,"column":null}}]},"2":{"loc":{"start":{"line":62,"column":7},"end":{"line":77,"column":null}},"type":"if","locations":[{"start":{"line":62,"column":7},"end":{"line":77,"column":null}},{"start":{"line":75,"column":7},"end":{"line":77,"column":null}}]}},"s":{"0":0,"1":0,"2":0,"3":0,"4":0,"5":0,"6":0,"7":0,"8":0,"9":0,"10":0,"11":0,"12":0,"13":0,"14":0,"15":0,"16":0,"17":0,"18":0,"19":0,"20":0,"21":0,"22":0,"23":0,"24":0,"25":0,"26":0,"27":0,"28":0,"29":0,"30":0,"31":0,"32":0,"33":0,"34":0,"35":0,"36":0,"37":0,"38":0,"39":0,"40":0,"41":0,"42":0,"43":0,"44":0,"45":0,"46":0,"47":0,"48":0,"49":0,"50":0},"f":{"0":0,"1":0,"2":0,"3":0,"4":0,"5":0,"6":0,"7":0,"8":0,"9":0,"10":0,"11":0,"12":0,"13":0,"14":0},"b":{"0":[0],"1":[0,0],"2":[0,0]}}
,"E:\\side_project\\DogeStore\\src\\config\\config.ts": {"path":"E:\\side_project\\DogeStore\\src\\config\\config.ts","statementMap":{"0":{"start":{"line":1,"column":0},"end":{"line":1,"column":23}},"1":{"start":{"line":4,"column":27},"end":{"line":22,"column":1}},"2":{"start":{"line":6,"column":19},"end":{"line":11,"column":6}},"3":{"start":{"line":13,"column":4},"end":{"line":18,"column":null}},"4":{"start":{"line":14,"column":8},"end":{"line":14,"column":44}},"5":{"start":{"line":15,"column":8},"end":{"line":15,"column":44}},"6":{"start":{"line":16,"column":8},"end":{"line":16,"column":47}},"7":{"start":{"line":17,"column":8},"end":{"line":17,"column":65}},"8":{"start":{"line":20,"column":4},"end":{"line":20,"column":20}},"9":{"start":{"line":4,"column":13},"end":{"line":4,"column":27}},"10":{"start":{"line":24,"column":13},"end":{"line":24,"column":26}}},"fnMap":{"0":{"name":"(anonymous_0)","decl":{"start":{"line":4,"column":27},"end":{"line":4,"column":30}},"loc":{"start":{"line":4,"column":32},"end":{"line":22,"column":1}}}},"branchMap":{"0":{"loc":{"start":{"line":13,"column":4},"end":{"line":18,"column":null}},"type":"if","locations":[{"start":{"line":13,"column":4},"end":{"line":18,"column":null}}]}},"s":{"0":5,"1":5,"2":10,"3":10,"4":0,"5":0,"6":0,"7":0,"8":10,"9":5,"10":5},"f":{"0":10},"b":{"0":[0]}}
,"E:\\side_project\\DogeStore\\src\\db\\MySQLConnectionPool.ts": {"path":"E:\\side_project\\DogeStore\\src\\db\\MySQLConnectionPool.ts","statementMap":{"0":{"start":{"line":2,"column":0},"end":{"line":2,"column":27}},"1":{"start":{"line":3,"column":0},"end":{"line":3,"column":23}},"2":{"start":{"line":4,"column":0},"end":{"line":4,"column":47}},"3":{"start":{"line":11,"column":8},"end":{"line":11,"column":50}},"4":{"start":{"line":12,"column":8},"end":{"line":12,"column":67}},"5":{"start":{"line":17,"column":8},"end":{"line":35,"column":null}},"6":{"start":{"line":19,"column":27},"end":{"line":19,"column":40}},"7":{"start":{"line":21,"column":25},"end":{"line":32,"column":14}},"8":{"start":{"line":34,"column":12},"end":{"line":34,"column":71}},"9":{"start":{"line":39,"column":8},"end":{"line":42,"column":11}},"10":{"start":{"line":40,"column":12},"end":{"line":40,"column":61}},"11":{"start":{"line":41,"column":12},"end":{"line":41,"column":62}},"12":{"start":{"line":47,"column":8},"end":{"line":49,"column":null}},"13":{"start":{"line":48,"column":12},"end":{"line":48,"column":84}},"14":{"start":{"line":50,"column":8},"end":{"line":50,"column":66}},"15":{"start":{"line":51,"column":8},"end":{"line":51,"column":67}},"16":{"start":{"line":6,"column":0},"end":{"line":6,"column":21}},"17":{"start":{"line":8,"column":19},"end":{"line":8,"column":73}}},"fnMap":{"0":{"name":"(anonymous_1)","decl":{"start":{"line":10,"column":4},"end":{"line":10,"column":10}},"loc":{"start":{"line":10,"column":39},"end":{"line":13,"column":5}}},"1":{"name":"(anonymous_2)","decl":{"start":{"line":15,"column":4},"end":{"line":15,"column":10}},"loc":{"start":{"line":15,"column":39},"end":{"line":36,"column":5}}},"2":{"name":"(anonymous_3)","decl":{"start":{"line":38,"column":4},"end":{"line":38,"column":10}},"loc":{"start":{"line":38,"column":21},"end":{"line":43,"column":5}}},"3":{"name":"(anonymous_4)","decl":{"start":{"line":39,"column":67},"end":{"line":39,"column":68}},"loc":{"start":{"line":39,"column":75},"end":{"line":42,"column":9}}},"4":{"name":"(anonymous_5)","decl":{"start":{"line":45,"column":4},"end":{"line":45,"column":10}},"loc":{"start":{"line":45,"column":39},"end":{"line":52,"column":5}}}},"branchMap":{"0":{"loc":{"start":{"line":17,"column":8},"end":{"line":35,"column":null}},"type":"if","locations":[{"start":{"line":17,"column":8},"end":{"line":35,"column":null}}]},"1":{"loc":{"start":{"line":47,"column":8},"end":{"line":49,"column":null}},"type":"if","locations":[{"start":{"line":47,"column":8},"end":{"line":49,"column":null}}]}},"s":{"0":5,"1":5,"2":5,"3":10,"4":10,"5":10,"6":5,"7":5,"8":5,"9":0,"10":0,"11":0,"12":6,"13":1,"14":5,"15":5,"16":5,"17":5},"f":{"0":10,"1":10,"2":0,"3":0,"4":6},"b":{"0":[5],"1":[1]}}
,"E:\\side_project\\DogeStore\\src\\db\\SeedDBFromSQLfile.ts": {"path":"E:\\side_project\\DogeStore\\src\\db\\SeedDBFromSQLfile.ts","statementMap":{"0":{"start":{"line":3,"column":0},"end":{"line":3,"column":20}},"1":{"start":{"line":10,"column":8},"end":{"line":10,"column":37}},"2":{"start":{"line":14,"column":25},"end":{"line":14,"column":40}},"3":{"start":{"line":16,"column":19},"end":{"line":16,"column":66}},"4":{"start":{"line":17,"column":18},"end":{"line":17,"column":22}},"5":{"start":{"line":19,"column":8},"end":{"line":19,"column":47}},"6":{"start":{"line":23,"column":25},"end":{"line":23,"column":40}},"7":{"start":{"line":25,"column":18},"end":{"line":25,"column":60}},"8":{"start":{"line":27,"column":8},"end":{"line":27,"column":47}},"9":{"start":{"line":5,"column":0},"end":{"line":5,"column":21}}},"fnMap":{"0":{"name":"(anonymous_8)","decl":{"start":{"line":9,"column":4},"end":{"line":9,"column":16}},"loc":{"start":{"line":9,"column":38},"end":{"line":11,"column":5}}},"1":{"name":"(anonymous_9)","decl":{"start":{"line":13,"column":10},"end":{"line":13,"column":21}},"loc":{"start":{"line":13,"column":41},"end":{"line":20,"column":null}}},"2":{"name":"(anonymous_11)","decl":{"start":{"line":22,"column":4},"end":{"line":22,"column":13}},"loc":{"start":{"line":22,"column":31},"end":{"line":28,"column":5}}}},"branchMap":{},"s":{"0":5,"1":5,"2":5,"3":5,"4":5,"5":5,"6":0,"7":0,"8":0,"9":5},"f":{"0":5,"1":5,"2":0},"b":{}}
,"E:\\side_project\\DogeStore\\src\\db\\db.ts": {"path":"E:\\side_project\\DogeStore\\src\\db\\db.ts","statementMap":{"0":{"start":{"line":1,"column":0},"end":{"line":1,"column":35}},"1":{"start":{"line":2,"column":0},"end":{"line":2,"column":23}},"2":{"start":{"line":3,"column":0},"end":{"line":3,"column":47}},"3":{"start":{"line":5,"column":17},"end":{"line":5,"column":30}},"4":{"start":{"line":9,"column":36},"end":{"line":9,"column":74}},"5":{"start":{"line":11,"column":1},"end":{"line":19,"column":null}},"6":{"start":{"line":13,"column":2},"end":{"line":13,"column":76}},"7":{"start":{"line":16,"column":2},"end":{"line":16,"column":null}},"8":{"start":{"line":18,"column":2},"end":{"line":18,"column":19}},"9":{"start":{"line":7,"column":0},"end":{"line":7,"column":22}},"10":{"start":{"line":25,"column":36},"end":{"line":25,"column":74}},"11":{"start":{"line":27,"column":12},"end":{"line":27,"column":14}},"12":{"start":{"line":28,"column":1},"end":{"line":37,"column":null}},"13":{"start":{"line":30,"column":27},"end":{"line":30,"column":144}},"14":{"start":{"line":31,"column":2},"end":{"line":31,"column":46}},"15":{"start":{"line":34,"column":2},"end":{"line":34,"column":null}},"16":{"start":{"line":36,"column":2},"end":{"line":36,"column":19}},"17":{"start":{"line":39,"column":1},"end":{"line":43,"column":null}},"18":{"start":{"line":40,"column":2},"end":{"line":40,"column":14}},"19":{"start":{"line":42,"column":2},"end":{"line":42,"column":15}},"20":{"start":{"line":23,"column":0},"end":{"line":23,"column":22}},"21":{"start":{"line":49,"column":36},"end":{"line":49,"column":74}},"22":{"start":{"line":51,"column":1},"end":{"line":59,"column":null}},"23":{"start":{"line":53,"column":2},"end":{"line":53,"column":70}},"24":{"start":{"line":56,"column":2},"end":{"line":56,"column":null}},"25":{"start":{"line":58,"column":2},"end":{"line":58,"column":19}},"26":{"start":{"line":48,"column":0},"end":{"line":48,"column":22}}},"fnMap":{"0":{"name":"createNewDatabase","decl":{"start":{"line":7,"column":22},"end":{"line":7,"column":39}},"loc":{"start":{"line":7,"column":60},"end":{"line":20,"column":null}}},"1":{"name":"isDatabaseExist","decl":{"start":{"line":23,"column":22},"end":{"line":23,"column":37}},"loc":{"start":{"line":23,"column":58},"end":{"line":45,"column":null}}},"2":{"name":"deletesDatabase","decl":{"start":{"line":48,"column":22},"end":{"line":48,"column":37}},"loc":{"start":{"line":48,"column":58},"end":{"line":61,"column":null}}}},"branchMap":{"0":{"loc":{"start":{"line":39,"column":1},"end":{"line":43,"column":null}},"type":"if","locations":[{"start":{"line":39,"column":1},"end":{"line":43,"column":null}},{"start":{"line":41,"column":8},"end":{"line":43,"column":null}}]}},"s":{"0":5,"1":5,"2":5,"3":5,"4":6,"5":6,"6":6,"7":0,"8":6,"9":5,"10":2,"11":2,"12":2,"13":2,"14":2,"15":0,"16":2,"17":2,"18":1,"19":1,"20":5,"21":11,"22":11,"23":11,"24":0,"25":11,"26":5},"f":{"0":6,"1":2,"2":11},"b":{"0":[1,1]}}
,"E:\\side_project\\DogeStore\\src\\db\\seed.ts": {"path":"E:\\side_project\\DogeStore\\src\\db\\seed.ts","statementMap":{"0":{"start":{"line":1,"column":0},"end":{"line":1,"column":23}},"1":{"start":{"line":3,"column":0},"end":{"line":3,"column":75}},"2":{"start":{"line":4,"column":0},"end":{"line":4,"column":52}},"3":{"start":{"line":5,"column":0},"end":{"line":5,"column":24}},"4":{"start":{"line":7,"column":0},"end":{"line":7,"column":34}},"5":{"start":{"line":8,"column":0},"end":{"line":8,"column":40}},"6":{"start":{"line":9,"column":0},"end":{"line":9,"column":52}},"7":{"start":{"line":10,"column":0},"end":{"line":10,"column":60}},"8":{"start":{"line":11,"column":0},"end":{"line":11,"column":46}},"9":{"start":{"line":13,"column":0},"end":{"line":13,"column":49}},"10":{"start":{"line":15,"column":0},"end":{"line":15,"column":44}},"11":{"start":{"line":19,"column":4},"end":{"line":19,"column":40}},"12":{"start":{"line":20,"column":4},"end":{"line":20,"column":42}},"13":{"start":{"line":22,"column":25},"end":{"line":22,"column":66}},"14":{"start":{"line":23,"column":28},"end":{"line":23,"column":65}},"15":{"start":{"line":25,"column":4},"end":{"line":25,"column":74}},"16":{"start":{"line":17,"column":0},"end":{"line":17,"column":22}},"17":{"start":{"line":31,"column":4},"end":{"line":33,"column":null}},"18":{"start":{"line":32,"column":8},"end":{"line":32,"column":15}},"19":{"start":{"line":35,"column":4},"end":{"line":35,"column":42}},"20":{"start":{"line":37,"column":25},"end":{"line":37,"column":66}},"21":{"start":{"line":38,"column":28},"end":{"line":38,"column":65}},"22":{"start":{"line":40,"column":4},"end":{"line":40,"column":74}},"23":{"start":{"line":29,"column":0},"end":{"line":29,"column":22}},"24":{"start":{"line":46,"column":25},"end":{"line":46,"column":66}},"25":{"start":{"line":48,"column":22},"end":{"line":48,"column":55}},"26":{"start":{"line":49,"column":25},"end":{"line":49,"column":61}},"27":{"start":{"line":51,"column":22},"end":{"line":51,"column":72}},"28":{"start":{"line":53,"column":18},"end":{"line":53,"column":45}},"29":{"start":{"line":54,"column":22},"end":{"line":54,"column":46}},"30":{"start":{"line":56,"column":4},"end":{"line":58,"column":null}},"31":{"start":{"line":57,"column":8},"end":{"line":57,"column":118}},"32":{"start":{"line":44,"column":0},"end":{"line":44,"column":22}},"33":{"start":{"line":64,"column":22},"end":{"line":64,"column":63}},"34":{"start":{"line":66,"column":24},"end":{"line":66,"column":75}},"35":{"start":{"line":70,"column":18},"end":{"line":70,"column":42}},"36":{"start":{"line":71,"column":22},"end":{"line":71,"column":46}},"37":{"start":{"line":72,"column":4},"end":{"line":72,"column":122}},"38":{"start":{"line":74,"column":27},"end":{"line":74,"column":72}},"39":{"start":{"line":75,"column":27},"end":{"line":75,"column":72}},"40":{"start":{"line":76,"column":27},"end":{"line":76,"column":72}},"41":{"start":{"line":78,"column":21},"end":{"line":78,"column":48}},"42":{"start":{"line":80,"column":4},"end":{"line":84,"column":7}},"43":{"start":{"line":62,"column":0},"end":{"line":62,"column":22}},"44":{"start":{"line":90,"column":0},"end":{"line":94,"column":null}},"45":{"start":{"line":91,"column":4},"end":{"line":93,"column":7}},"46":{"start":{"line":92,"column":8},"end":{"line":92,"column":59}}},"fnMap":{"0":{"name":"resetDB","decl":{"start":{"line":17,"column":22},"end":{"line":17,"column":29}},"loc":{"start":{"line":17,"column":50},"end":{"line":27,"column":null}}},"1":{"name":"initDBIfNotExist","decl":{"start":{"line":29,"column":22},"end":{"line":29,"column":38}},"loc":{"start":{"line":29,"column":59},"end":{"line":42,"column":null}}},"2":{"name":"addAdminToDB","decl":{"start":{"line":44,"column":22},"end":{"line":44,"column":34}},"loc":{"start":{"line":44,"column":55},"end":{"line":59,"column":null}}},"3":{"name":"insertFakeData","decl":{"start":{"line":62,"column":22},"end":{"line":62,"column":36}},"loc":{"start":{"line":62,"column":57},"end":{"line":85,"column":null}}},"4":{"name":"(anonymous_16)","decl":{"start":{"line":91,"column":40},"end":{"line":91,"column":43}},"loc":{"start":{"line":91,"column":45},"end":{"line":93,"column":5}}}},"branchMap":{"0":{"loc":{"start":{"line":31,"column":4},"end":{"line":33,"column":null}},"type":"if","locations":[{"start":{"line":31,"column":4},"end":{"line":33,"column":null}}]},"1":{"loc":{"start":{"line":56,"column":4},"end":{"line":58,"column":null}},"type":"if","locations":[{"start":{"line":56,"column":4},"end":{"line":58,"column":null}}]},"2":{"loc":{"start":{"line":90,"column":0},"end":{"line":94,"column":null}},"type":"if","locations":[{"start":{"line":90,"column":0},"end":{"line":94,"column":null}}]}},"s":{"0":5,"1":5,"2":5,"3":5,"4":5,"5":5,"6":5,"7":5,"8":5,"9":5,"10":5,"11":5,"12":5,"13":5,"14":5,"15":5,"16":5,"17":0,"18":0,"19":0,"20":0,"21":0,"22":0,"23":5,"24":0,"25":0,"26":0,"27":0,"28":0,"29":0,"30":0,"31":0,"32":5,"33":0,"34":0,"35":0,"36":0,"37":0,"38":0,"39":0,"40":0,"41":0,"42":0,"43":5,"44":5,"45":0,"46":0},"f":{"0":5,"1":0,"2":0,"3":0,"4":0},"b":{"0":[0],"1":[0],"2":[0]}}
,"E:\\side_project\\DogeStore\\src\\entity\\Product.ts": {"path":"E:\\side_project\\DogeStore\\src\\entity\\Product.ts","statementMap":{"0":{"start":{"line":11,"column":8},"end":{"line":11,"column":25}},"1":{"start":{"line":12,"column":8},"end":{"line":12,"column":45}},"2":{"start":{"line":13,"column":8},"end":{"line":13,"column":27}},"3":{"start":{"line":14,"column":8},"end":{"line":14,"column":33}},"4":{"start":{"line":17,"column":8},"end":{"line":17,"column":21}},"5":{"start":{"line":19,"column":8},"end":{"line":23,"column":null}},"6":{"start":{"line":20,"column":12},"end":{"line":20,"column":33}},"7":{"start":{"line":22,"column":12},"end":{"line":22,"column":38}},"8":{"start":{"line":29,"column":21},"end":{"line":29,"column":23}},"9":{"start":{"line":31,"column":8},"end":{"line":34,"column":null}},"10":{"start":{"line":32,"column":24},"end":{"line":32,"column":41}},"11":{"start":{"line":33,"column":12},"end":{"line":33,"column":55}},"12":{"start":{"line":37,"column":30},"end":{"line":37,"column":57}},"13":{"start":{"line":38,"column":8},"end":{"line":38,"column":26}},"14":{"start":{"line":40,"column":31},"end":{"line":40,"column":60}},"15":{"start":{"line":41,"column":8},"end":{"line":41,"column":27}},"16":{"start":{"line":43,"column":34},"end":{"line":43,"column":69}},"17":{"start":{"line":44,"column":8},"end":{"line":44,"column":30}},"18":{"start":{"line":46,"column":32},"end":{"line":46,"column":44}},"19":{"start":{"line":47,"column":8},"end":{"line":53,"column":null}},"20":{"start":{"line":48,"column":12},"end":{"line":51,"column":null}},"21":{"start":{"line":49,"column":16},"end":{"line":49,"column":35}},"22":{"start":{"line":50,"column":16},"end":{"line":50,"column":25}},"23":{"start":{"line":52,"column":12},"end":{"line":52,"column":38}},"24":{"start":{"line":54,"column":8},"end":{"line":54,"column":28}},"25":{"start":{"line":55,"column":8},"end":{"line":55,"column":28}},"26":{"start":{"line":60,"column":8},"end":{"line":60,"column":22}},"27":{"start":{"line":66,"column":0},"end":{"line":66,"column":23}}},"fnMap":{"0":{"name":"(anonymous_0)","decl":{"start":{"line":10,"column":4},"end":{"line":10,"column":16}},"loc":{"start":{"line":10,"column":123},"end":{"line":25,"column":5}}},"1":{"name":"(anonymous_1)","decl":{"start":{"line":27,"column":4},"end":{"line":27,"column":12}},"loc":{"start":{"line":27,"column":12},"end":{"line":62,"column":5}}}},"branchMap":{"0":{"loc":{"start":{"line":19,"column":8},"end":{"line":23,"column":null}},"type":"if","locations":[{"start":{"line":19,"column":8},"end":{"line":23,"column":null}},{"start":{"line":21,"column":15},"end":{"line":23,"column":null}}]},"1":{"loc":{"start":{"line":31,"column":8},"end":{"line":34,"column":null}},"type":"if","locations":[{"start":{"line":31,"column":8},"end":{"line":34,"column":null}}]},"2":{"loc":{"start":{"line":48,"column":12},"end":{"line":51,"column":null}},"type":"if","locations":[{"start":{"line":48,"column":12},"end":{"line":51,"column":null}}]}},"s":{"0":21,"1":21,"2":21,"3":21,"4":21,"5":21,"6":7,"7":14,"8":1,"9":1,"10":1,"11":1,"12":1,"13":1,"14":1,"15":1,"16":1,"17":1,"18":1,"19":1,"20":2,"21":1,"22":1,"23":1,"24":1,"25":1,"26":1,"27":8},"f":{"0":21,"1":1},"b":{"0":[7,14],"1":[1],"2":[1]}}
,"E:\\side_project\\DogeStore\\src\\entity\\User.ts": {"path":"E:\\side_project\\DogeStore\\src\\entity\\User.ts","statementMap":{"0":{"start":{"line":9,"column":8},"end":{"line":9,"column":21}},"1":{"start":{"line":10,"column":8},"end":{"line":10,"column":27}},"2":{"start":{"line":11,"column":8},"end":{"line":11,"column":33}},"3":{"start":{"line":12,"column":8},"end":{"line":12,"column":33}},"4":{"start":{"line":1,"column":0},"end":{"line":1,"column":21}}},"fnMap":{"0":{"name":"(anonymous_0)","decl":{"start":{"line":8,"column":4},"end":{"line":8,"column":16}},"loc":{"start":{"line":8,"column":84},"end":{"line":13,"column":5}}}},"branchMap":{},"s":{"0":15,"1":15,"2":15,"3":15,"4":7},"f":{"0":15},"b":{}}
,"E:\\side_project\\DogeStore\\src\\middleware\\isAdmin.ts": {"path":"E:\\side_project\\DogeStore\\src\\middleware\\isAdmin.ts","statementMap":{"0":{"start":{"line":3,"column":0},"end":{"line":3,"column":39}},"1":{"start":{"line":9,"column":4},"end":{"line":13,"column":null}},"2":{"start":{"line":10,"column":8},"end":{"line":10,"column":22}},"3":{"start":{"line":12,"column":8},"end":{"line":12,"column":null}},"4":{"start":{"line":7,"column":0},"end":{"line":7,"column":24}}},"fnMap":{"0":{"name":"isAdminMiddleware","decl":{"start":{"line":7,"column":24},"end":{"line":7,"column":41}},"loc":{"start":{"line":7,"column":93},"end":{"line":14,"column":1}}}},"branchMap":{"0":{"loc":{"start":{"line":9,"column":4},"end":{"line":13,"column":null}},"type":"if","locations":[{"start":{"line":9,"column":4},"end":{"line":13,"column":null}},{"start":{"line":11,"column":11},"end":{"line":13,"column":null}}]}},"s":{"0":0,"1":0,"2":0,"3":0,"4":0},"f":{"0":0},"b":{"0":[0,0]}}
,"E:\\side_project\\DogeStore\\src\\middleware\\jwtAuth.ts": {"path":"E:\\side_project\\DogeStore\\src\\middleware\\jwtAuth.ts","statementMap":{"0":{"start":{"line":1,"column":10},"end":{"line":1,"column":33}},"1":{"start":{"line":4,"column":0},"end":{"line":4,"column":23}},"2":{"start":{"line":5,"column":0},"end":{"line":5,"column":47}},"3":{"start":{"line":11,"column":4},"end":{"line":13,"column":null}},"4":{"start":{"line":12,"column":8},"end":{"line":12,"column":64}},"5":{"start":{"line":15,"column":16},"end":{"line":15,"column":58}},"6":{"start":{"line":16,"column":4},"end":{"line":18,"column":null}},"7":{"start":{"line":17,"column":8},"end":{"line":17,"column":90}},"8":{"start":{"line":21,"column":18},"end":{"line":21,"column":63}},"9":{"start":{"line":22,"column":4},"end":{"line":27,"column":null}},"10":{"start":{"line":23,"column":8},"end":{"line":23,"column":66}},"11":{"start":{"line":25,"column":8},"end":{"line":25,"column":33}},"12":{"start":{"line":26,"column":8},"end":{"line":26,"column":22}},"13":{"start":{"line":9,"column":0},"end":{"line":9,"column":22}}},"fnMap":{"0":{"name":"authentication","decl":{"start":{"line":9,"column":22},"end":{"line":9,"column":36}},"loc":{"start":{"line":9,"column":88},"end":{"line":29,"column":2}}}},"branchMap":{"0":{"loc":{"start":{"line":11,"column":4},"end":{"line":13,"column":null}},"type":"if","locations":[{"start":{"line":11,"column":4},"end":{"line":13,"column":null}}]},"1":{"loc":{"start":{"line":16,"column":4},"end":{"line":18,"column":null}},"type":"if","locations":[{"start":{"line":16,"column":4},"end":{"line":18,"column":null}}]},"2":{"loc":{"start":{"line":22,"column":4},"end":{"line":27,"column":null}},"type":"if","locations":[{"start":{"line":22,"column":4},"end":{"line":27,"column":null}},{"start":{"line":24,"column":11},"end":{"line":27,"column":null}}]}},"s":{"0":1,"1":1,"2":1,"3":1,"4":0,"5":1,"6":1,"7":1,"8":0,"9":0,"10":0,"11":0,"12":0,"13":1},"f":{"0":1},"b":{"0":[0],"1":[1],"2":[0,0]}}
,"E:\\side_project\\DogeStore\\src\\repositories\\ProductDAO.ts": {"path":"E:\\side_project\\DogeStore\\src\\repositories\\ProductDAO.ts","statementMap":{"0":{"start":{"line":2,"column":0},"end":{"line":2,"column":40}},"1":{"start":{"line":11,"column":8},"end":{"line":11,"column":37}},"2":{"start":{"line":15,"column":25},"end":{"line":15,"column":40}},"3":{"start":{"line":17,"column":8},"end":{"line":23,"column":null}},"4":{"start":{"line":18,"column":22},"end":{"line":18,"column":113}},"5":{"start":{"line":19,"column":12},"end":{"line":19,"column":136}},"6":{"start":{"line":21,"column":22},"end":{"line":21,"column":103}},"7":{"start":{"line":22,"column":12},"end":{"line":22,"column":124}},"8":{"start":{"line":28,"column":25},"end":{"line":28,"column":40}},"9":{"start":{"line":30,"column":18},"end":{"line":30,"column":117}},"10":{"start":{"line":32,"column":8},"end":{"line":32,"column":136}},"11":{"start":{"line":38,"column":25},"end":{"line":38,"column":40}},"12":{"start":{"line":40,"column":18},"end":{"line":40,"column":59}},"13":{"start":{"line":42,"column":8},"end":{"line":60,"column":11}},"14":{"start":{"line":42,"column":53},"end":{"line":60,"column":10}},"15":{"start":{"line":44,"column":12},"end":{"line":49,"column":null}},"16":{"start":{"line":45,"column":16},"end":{"line":45,"column":79}},"17":{"start":{"line":48,"column":16},"end":{"line":48,"column":35}},"18":{"start":{"line":51,"column":38},"end":{"line":51,"column":70}},"19":{"start":{"line":53,"column":12},"end":{"line":55,"column":null}},"20":{"start":{"line":54,"column":16},"end":{"line":54,"column":37}},"21":{"start":{"line":57,"column":26},"end":{"line":57,"column":37}},"22":{"start":{"line":58,"column":12},"end":{"line":58,"column":127}},"23":{"start":{"line":66,"column":18},"end":{"line":66,"column":44}},"24":{"start":{"line":67,"column":25},"end":{"line":67,"column":40}},"25":{"start":{"line":68,"column":40},"end":{"line":68,"column":42}},"26":{"start":{"line":70,"column":8},"end":{"line":84,"column":11}},"27":{"start":{"line":70,"column":53},"end":{"line":84,"column":10}},"28":{"start":{"line":73,"column":12},"end":{"line":77,"column":null}},"29":{"start":{"line":74,"column":16},"end":{"line":74,"column":71}},"30":{"start":{"line":76,"column":16},"end":{"line":76,"column":35}},"31":{"start":{"line":79,"column":25},"end":{"line":79,"column":57}},"32":{"start":{"line":80,"column":12},"end":{"line":82,"column":null}},"33":{"start":{"line":81,"column":16},"end":{"line":81,"column":136}},"34":{"start":{"line":83,"column":12},"end":{"line":83,"column":43}},"35":{"start":{"line":90,"column":25},"end":{"line":90,"column":40}},"36":{"start":{"line":92,"column":18},"end":{"line":92,"column":57}},"37":{"start":{"line":93,"column":8},"end":{"line":93,"column":57}},"38":{"start":{"line":6,"column":0},"end":{"line":6,"column":21}}},"fnMap":{"0":{"name":"(anonymous_8)","decl":{"start":{"line":10,"column":4},"end":{"line":10,"column":16}},"loc":{"start":{"line":10,"column":38},"end":{"line":12,"column":5}}},"1":{"name":"(anonymous_9)","decl":{"start":{"line":14,"column":4},"end":{"line":14,"column":10}},"loc":{"start":{"line":14,"column":27},"end":{"line":24,"column":5}}},"2":{"name":"(anonymous_10)","decl":{"start":{"line":26,"column":4},"end":{"line":26,"column":10}},"loc":{"start":{"line":26,"column":27},"end":{"line":34,"column":5}}},"3":{"name":"(anonymous_11)","decl":{"start":{"line":36,"column":4},"end":{"line":36,"column":12}},"loc":{"start":{"line":36,"column":23},"end":{"line":62,"column":5}}},"4":{"name":"(anonymous_12)","decl":{"start":{"line":42,"column":27},"end":{"line":42,"column":34}},"loc":{"start":{"line":42,"column":53},"end":{"line":60,"column":10}}},"5":{"name":"(anonymous_13)","decl":{"start":{"line":42,"column":53},"end":{"line":42,"column":null}},"loc":{"start":{"line":42,"column":53},"end":{"line":60,"column":9}}},"6":{"name":"(anonymous_14)","decl":{"start":{"line":64,"column":4},"end":{"line":64,"column":11}},"loc":{"start":{"line":64,"column":11},"end":{"line":86,"column":5}}},"7":{"name":"(anonymous_15)","decl":{"start":{"line":70,"column":27},"end":{"line":70,"column":34}},"loc":{"start":{"line":70,"column":53},"end":{"line":84,"column":10}}},"8":{"name":"(anonymous_16)","decl":{"start":{"line":70,"column":53},"end":{"line":70,"column":null}},"loc":{"start":{"line":70,"column":53},"end":{"line":84,"column":9}}},"9":{"name":"(anonymous_17)","decl":{"start":{"line":88,"column":4},"end":{"line":88,"column":14}},"loc":{"start":{"line":88,"column":25},"end":{"line":95,"column":5}}}},"branchMap":{"0":{"loc":{"start":{"line":17,"column":8},"end":{"line":23,"column":null}},"type":"if","locations":[{"start":{"line":17,"column":8},"end":{"line":23,"column":null}},{"start":{"line":20,"column":15},"end":{"line":23,"column":null}}]},"1":{"loc":{"start":{"line":53,"column":12},"end":{"line":55,"column":null}},"type":"if","locations":[{"start":{"line":53,"column":12},"end":{"line":55,"column":null}}]}},"s":{"0":5,"1":2,"2":13,"3":13,"4":13,"5":13,"6":0,"7":0,"8":1,"9":1,"10":1,"11":4,"12":4,"13":4,"14":4,"15":4,"16":4,"17":0,"18":4,"19":4,"20":2,"21":2,"22":2,"23":1,"24":1,"25":1,"26":1,"27":1,"28":1,"29":1,"30":0,"31":1,"32":1,"33":2,"34":1,"35":14,"36":14,"37":14,"38":5},"f":{"0":2,"1":13,"2":1,"3":4,"4":4,"5":4,"6":1,"7":1,"8":1,"9":14},"b":{"0":[13,0],"1":[2]}}
,"E:\\side_project\\DogeStore\\src\\repositories\\PurchaseListDAO.ts": {"path":"E:\\side_project\\DogeStore\\src\\repositories\\PurchaseListDAO.ts","statementMap":{"0":{"start":{"line":3,"column":0},"end":{"line":3,"column":40}},"1":{"start":{"line":11,"column":8},"end":{"line":11,"column":37}},"2":{"start":{"line":16,"column":33},"end":{"line":16,"column":91}},"3":{"start":{"line":18,"column":18},"end":{"line":18,"column":101}},"4":{"start":{"line":19,"column":8},"end":{"line":19,"column":95}},"5":{"start":{"line":24,"column":40},"end":{"line":24,"column":42}},"6":{"start":{"line":26,"column":8},"end":{"line":53,"column":null}},"7":{"start":{"line":26,"column":53},"end":{"line":53,"column":10}},"8":{"start":{"line":29,"column":12},"end":{"line":35,"column":null}},"9":{"start":{"line":30,"column":26},"end":{"line":31,"column":97}},"10":{"start":{"line":32,"column":16},"end":{"line":32,"column":87}},"11":{"start":{"line":34,"column":16},"end":{"line":34,"column":35}},"12":{"start":{"line":37,"column":40},"end":{"line":37,"column":72}},"13":{"start":{"line":40,"column":12},"end":{"line":42,"column":null}},"14":{"start":{"line":41,"column":16},"end":{"line":41,"column":35}},"15":{"start":{"line":44,"column":26},"end":{"line":44,"column":58}},"16":{"start":{"line":46,"column":12},"end":{"line":48,"column":null}},"17":{"start":{"line":47,"column":16},"end":{"line":47,"column":136}},"18":{"start":{"line":50,"column":12},"end":{"line":50,"column":43}},"19":{"start":{"line":58,"column":18},"end":{"line":58,"column":87}},"20":{"start":{"line":59,"column":8},"end":{"line":59,"column":75}},"21":{"start":{"line":6,"column":0},"end":{"line":6,"column":21}}},"fnMap":{"0":{"name":"(anonymous_8)","decl":{"start":{"line":10,"column":4},"end":{"line":10,"column":16}},"loc":{"start":{"line":10,"column":38},"end":{"line":12,"column":5}}},"1":{"name":"(anonymous_9)","decl":{"start":{"line":14,"column":4},"end":{"line":14,"column":23}},"loc":{"start":{"line":14,"column":80},"end":{"line":20,"column":5}}},"2":{"name":"(anonymous_10)","decl":{"start":{"line":22,"column":4},"end":{"line":22,"column":20}},"loc":{"start":{"line":22,"column":36},"end":{"line":55,"column":5}}},"3":{"name":"(anonymous_11)","decl":{"start":{"line":26,"column":27},"end":{"line":26,"column":34}},"loc":{"start":{"line":26,"column":53},"end":{"line":53,"column":10}}},"4":{"name":"(anonymous_12)","decl":{"start":{"line":26,"column":53},"end":{"line":26,"column":null}},"loc":{"start":{"line":26,"column":53},"end":{"line":53,"column":9}}},"5":{"name":"(anonymous_13)","decl":{"start":{"line":57,"column":4},"end":{"line":57,"column":24}},"loc":{"start":{"line":57,"column":60},"end":{"line":60,"column":5}}}},"branchMap":{"0":{"loc":{"start":{"line":40,"column":12},"end":{"line":42,"column":null}},"type":"if","locations":[{"start":{"line":40,"column":12},"end":{"line":42,"column":null}}]}},"s":{"0":1,"1":1,"2":4,"3":4,"4":4,"5":2,"6":2,"7":2,"8":2,"9":2,"10":2,"11":0,"12":2,"13":2,"14":1,"15":1,"16":1,"17":1,"18":1,"19":3,"20":3,"21":1},"f":{"0":1,"1":4,"2":2,"3":2,"4":2,"5":3},"b":{"0":[1]}}
,"E:\\side_project\\DogeStore\\src\\repositories\\UserDAO.ts": {"path":"E:\\side_project\\DogeStore\\src\\repositories\\UserDAO.ts","statementMap":{"0":{"start":{"line":3,"column":0},"end":{"line":3,"column":34}},"1":{"start":{"line":10,"column":8},"end":{"line":10,"column":37}},"2":{"start":{"line":14,"column":25},"end":{"line":14,"column":40}},"3":{"start":{"line":17,"column":8},"end":{"line":26,"column":null}},"4":{"start":{"line":19,"column":22},"end":{"line":19,"column":93}},"5":{"start":{"line":20,"column":12},"end":{"line":20,"column":104}},"6":{"start":{"line":24,"column":22},"end":{"line":24,"column":86}},"7":{"start":{"line":25,"column":12},"end":{"line":25,"column":95}},"8":{"start":{"line":32,"column":25},"end":{"line":32,"column":40}},"9":{"start":{"line":34,"column":18},"end":{"line":34,"column":95}},"10":{"start":{"line":35,"column":8},"end":{"line":35,"column":104}},"11":{"start":{"line":41,"column":25},"end":{"line":41,"column":40}},"12":{"start":{"line":43,"column":18},"end":{"line":43,"column":55}},"13":{"start":{"line":45,"column":8},"end":{"line":65,"column":11}},"14":{"start":{"line":45,"column":53},"end":{"line":65,"column":10}},"15":{"start":{"line":49,"column":12},"end":{"line":53,"column":null}},"16":{"start":{"line":50,"column":16},"end":{"line":50,"column":79}},"17":{"start":{"line":52,"column":16},"end":{"line":52,"column":35}},"18":{"start":{"line":55,"column":32},"end":{"line":55,"column":64}},"19":{"start":{"line":57,"column":12},"end":{"line":59,"column":null}},"20":{"start":{"line":58,"column":16},"end":{"line":58,"column":37}},"21":{"start":{"line":61,"column":23},"end":{"line":61,"column":31}},"22":{"start":{"line":63,"column":12},"end":{"line":63,"column":88}},"23":{"start":{"line":71,"column":25},"end":{"line":71,"column":40}},"24":{"start":{"line":73,"column":18},"end":{"line":73,"column":58}},"25":{"start":{"line":75,"column":8},"end":{"line":96,"column":11}},"26":{"start":{"line":75,"column":53},"end":{"line":96,"column":10}},"27":{"start":{"line":78,"column":12},"end":{"line":82,"column":null}},"28":{"start":{"line":79,"column":16},"end":{"line":79,"column":82}},"29":{"start":{"line":81,"column":16},"end":{"line":81,"column":35}},"30":{"start":{"line":85,"column":32},"end":{"line":85,"column":64}},"31":{"start":{"line":87,"column":12},"end":{"line":89,"column":null}},"32":{"start":{"line":88,"column":16},"end":{"line":88,"column":37}},"33":{"start":{"line":91,"column":23},"end":{"line":91,"column":31}},"34":{"start":{"line":93,"column":12},"end":{"line":93,"column":88}},"35":{"start":{"line":102,"column":18},"end":{"line":102,"column":40}},"36":{"start":{"line":103,"column":25},"end":{"line":103,"column":40}},"37":{"start":{"line":104,"column":34},"end":{"line":104,"column":36}},"38":{"start":{"line":106,"column":8},"end":{"line":122,"column":11}},"39":{"start":{"line":106,"column":53},"end":{"line":122,"column":10}},"40":{"start":{"line":110,"column":12},"end":{"line":114,"column":null}},"41":{"start":{"line":111,"column":16},"end":{"line":111,"column":71}},"42":{"start":{"line":113,"column":16},"end":{"line":113,"column":35}},"43":{"start":{"line":116,"column":25},"end":{"line":116,"column":57}},"44":{"start":{"line":117,"column":12},"end":{"line":119,"column":null}},"45":{"start":{"line":118,"column":16},"end":{"line":118,"column":94}},"46":{"start":{"line":120,"column":12},"end":{"line":120,"column":40}},"47":{"start":{"line":128,"column":25},"end":{"line":128,"column":40}},"48":{"start":{"line":130,"column":18},"end":{"line":130,"column":53}},"49":{"start":{"line":131,"column":8},"end":{"line":131,"column":57}},"50":{"start":{"line":5,"column":0},"end":{"line":5,"column":21}}},"fnMap":{"0":{"name":"(anonymous_8)","decl":{"start":{"line":9,"column":4},"end":{"line":9,"column":16}},"loc":{"start":{"line":9,"column":38},"end":{"line":11,"column":5}}},"1":{"name":"(anonymous_9)","decl":{"start":{"line":13,"column":4},"end":{"line":13,"column":10}},"loc":{"start":{"line":13,"column":21},"end":{"line":28,"column":5}}},"2":{"name":"(anonymous_10)","decl":{"start":{"line":30,"column":4},"end":{"line":30,"column":10}},"loc":{"start":{"line":30,"column":21},"end":{"line":37,"column":5}}},"3":{"name":"(anonymous_11)","decl":{"start":{"line":39,"column":4},"end":{"line":39,"column":12}},"loc":{"start":{"line":39,"column":23},"end":{"line":67,"column":5}}},"4":{"name":"(anonymous_12)","decl":{"start":{"line":45,"column":27},"end":{"line":45,"column":34}},"loc":{"start":{"line":45,"column":53},"end":{"line":65,"column":10}}},"5":{"name":"(anonymous_13)","decl":{"start":{"line":45,"column":53},"end":{"line":45,"column":null}},"loc":{"start":{"line":45,"column":53},"end":{"line":65,"column":9}}},"6":{"name":"(anonymous_14)","decl":{"start":{"line":69,"column":4},"end":{"line":69,"column":15}},"loc":{"start":{"line":69,"column":29},"end":{"line":98,"column":5}}},"7":{"name":"(anonymous_15)","decl":{"start":{"line":75,"column":27},"end":{"line":75,"column":34}},"loc":{"start":{"line":75,"column":53},"end":{"line":96,"column":10}}},"8":{"name":"(anonymous_16)","decl":{"start":{"line":75,"column":53},"end":{"line":75,"column":null}},"loc":{"start":{"line":75,"column":53},"end":{"line":96,"column":9}}},"9":{"name":"(anonymous_17)","decl":{"start":{"line":100,"column":4},"end":{"line":100,"column":11}},"loc":{"start":{"line":100,"column":11},"end":{"line":124,"column":5}}},"10":{"name":"(anonymous_18)","decl":{"start":{"line":106,"column":27},"end":{"line":106,"column":34}},"loc":{"start":{"line":106,"column":53},"end":{"line":122,"column":10}}},"11":{"name":"(anonymous_19)","decl":{"start":{"line":106,"column":53},"end":{"line":106,"column":null}},"loc":{"start":{"line":106,"column":53},"end":{"line":122,"column":9}}},"12":{"name":"(anonymous_20)","decl":{"start":{"line":126,"column":4},"end":{"line":126,"column":14}},"loc":{"start":{"line":126,"column":25},"end":{"line":132,"column":5}}}},"branchMap":{"0":{"loc":{"start":{"line":17,"column":8},"end":{"line":26,"column":null}},"type":"if","locations":[{"start":{"line":17,"column":8},"end":{"line":26,"column":null}},{"start":{"line":22,"column":15},"end":{"line":26,"column":null}}]},"1":{"loc":{"start":{"line":57,"column":12},"end":{"line":59,"column":null}},"type":"if","locations":[{"start":{"line":57,"column":12},"end":{"line":59,"column":null}}]},"2":{"loc":{"start":{"line":87,"column":12},"end":{"line":89,"column":null}},"type":"if","locations":[{"start":{"line":87,"column":12},"end":{"line":89,"column":null}}]}},"s":{"0":5,"1":3,"2":18,"3":18,"4":18,"5":18,"6":0,"7":0,"8":1,"9":1,"10":1,"11":4,"12":4,"13":4,"14":4,"15":4,"16":4,"17":0,"18":4,"19":4,"20":2,"21":2,"22":2,"23":0,"24":0,"25":0,"26":0,"27":0,"28":0,"29":0,"30":0,"31":0,"32":0,"33":0,"34":0,"35":1,"36":1,"37":1,"38":1,"39":1,"40":1,"41":1,"42":0,"43":1,"44":1,"45":2,"46":1,"47":19,"48":19,"49":19,"50":5},"f":{"0":3,"1":18,"2":1,"3":4,"4":4,"5":4,"6":0,"7":0,"8":0,"9":1,"10":1,"11":1,"12":19},"b":{"0":[18,0],"1":[2],"2":[0]}}
,"E:\\side_project\\DogeStore\\src\\routes\\ProductRoutes.ts": {"path":"E:\\side_project\\DogeStore\\src\\routes\\ProductRoutes.ts","statementMap":{"0":{"start":{"line":1,"column":0},"end":{"line":1,"column":23}},"1":{"start":{"line":3,"column":0},"end":{"line":3,"column":33}},"2":{"start":{"line":5,"column":0},"end":{"line":5,"column":51}},"3":{"start":{"line":8,"column":0},"end":{"line":8,"column":55}},"4":{"start":{"line":10,"column":0},"end":{"line":10,"column":55}},"5":{"start":{"line":11,"column":0},"end":{"line":11,"column":54}},"6":{"start":{"line":13,"column":0},"end":{"line":13,"column":28}},"7":{"start":{"line":14,"column":0},"end":{"line":14,"column":52}},"8":{"start":{"line":15,"column":0},"end":{"line":15,"column":60}},"9":{"start":{"line":19,"column":4},"end":{"line":19,"column":22}},"10":{"start":{"line":21,"column":12},"end":{"line":34,"column":6}},"11":{"start":{"line":36,"column":12},"end":{"line":36,"column":49}},"12":{"start":{"line":41,"column":25},"end":{"line":41,"column":83}},"13":{"start":{"line":42,"column":25},"end":{"line":42,"column":51}},"14":{"start":{"line":43,"column":8},"end":{"line":43,"column":61}},"15":{"start":{"line":46,"column":8},"end":{"line":46,"column":31}},"16":{"start":{"line":51,"column":8},"end":{"line":51,"column":70}},"17":{"start":{"line":52,"column":8},"end":{"line":52,"column":66}},"18":{"start":{"line":55,"column":8},"end":{"line":55,"column":136}},"19":{"start":{"line":56,"column":8},"end":{"line":56,"column":153}},"20":{"start":{"line":59,"column":8},"end":{"line":59,"column":111}},"21":{"start":{"line":64,"column":8},"end":{"line":76,"column":null}},"22":{"start":{"line":66,"column":31},"end":{"line":66,"column":44}},"23":{"start":{"line":67,"column":33},"end":{"line":67,"column":47}},"24":{"start":{"line":68,"column":24},"end":{"line":68,"column":38}},"25":{"start":{"line":69,"column":27},"end":{"line":69,"column":44}},"26":{"start":{"line":72,"column":12},"end":{"line":72,"column":96}},"27":{"start":{"line":73,"column":12},"end":{"line":73,"column":41}},"28":{"start":{"line":75,"column":12},"end":{"line":75,"column":29}},"29":{"start":{"line":80,"column":8},"end":{"line":91,"column":null}},"30":{"start":{"line":82,"column":36},"end":{"line":82,"column":57}},"31":{"start":{"line":83,"column":12},"end":{"line":85,"column":null}},"32":{"start":{"line":84,"column":16},"end":{"line":84,"column":55}},"33":{"start":{"line":87,"column":25},"end":{"line":87,"column":77}},"34":{"start":{"line":88,"column":12},"end":{"line":88,"column":36}},"35":{"start":{"line":90,"column":12},"end":{"line":90,"column":29}},"36":{"start":{"line":96,"column":8},"end":{"line":101,"column":null}},"37":{"start":{"line":97,"column":25},"end":{"line":97,"column":67}},"38":{"start":{"line":98,"column":12},"end":{"line":98,"column":36}},"39":{"start":{"line":100,"column":12},"end":{"line":100,"column":29}},"40":{"start":{"line":107,"column":8},"end":{"line":131,"column":null}},"41":{"start":{"line":110,"column":36},"end":{"line":110,"column":57}},"42":{"start":{"line":111,"column":12},"end":{"line":113,"column":null}},"43":{"start":{"line":112,"column":16},"end":{"line":112,"column":55}},"44":{"start":{"line":115,"column":12},"end":{"line":120,"column":null}},"45":{"start":{"line":119,"column":16},"end":{"line":119,"column":52}},"46":{"start":{"line":122,"column":12},"end":{"line":124,"column":null}},"47":{"start":{"line":123,"column":16},"end":{"line":123,"column":55}},"48":{"start":{"line":127,"column":12},"end":{"line":127,"column":80}},"49":{"start":{"line":128,"column":12},"end":{"line":128,"column":41}},"50":{"start":{"line":130,"column":12},"end":{"line":130,"column":29}},"51":{"start":{"line":137,"column":8},"end":{"line":147,"column":null}},"52":{"start":{"line":138,"column":36},"end":{"line":138,"column":57}},"53":{"start":{"line":139,"column":12},"end":{"line":141,"column":null}},"54":{"start":{"line":140,"column":16},"end":{"line":140,"column":55}},"55":{"start":{"line":143,"column":12},"end":{"line":143,"column":67}},"56":{"start":{"line":144,"column":12},"end":{"line":144,"column":41}},"57":{"start":{"line":146,"column":12},"end":{"line":146,"column":29}},"58":{"start":{"line":154,"column":0},"end":{"line":154,"column":42}}},"fnMap":{"0":{"name":"(anonymous_8)","decl":{"start":{"line":39,"column":4},"end":{"line":39,"column":null}},"loc":{"start":{"line":39,"column":4},"end":{"line":47,"column":5}}},"1":{"name":"(anonymous_9)","decl":{"start":{"line":49,"column":4},"end":{"line":49,"column":19}},"loc":{"start":{"line":49,"column":19},"end":{"line":60,"column":5}}},"2":{"name":"(anonymous_10)","decl":{"start":{"line":63,"column":10},"end":{"line":63,"column":23}},"loc":{"start":{"line":63,"column":67},"end":{"line":77,"column":null}}},"3":{"name":"(anonymous_12)","decl":{"start":{"line":79,"column":10},"end":{"line":79,"column":24}},"loc":{"start":{"line":79,"column":72},"end":{"line":92,"column":null}}},"4":{"name":"(anonymous_14)","decl":{"start":{"line":94,"column":10},"end":{"line":94,"column":23}},"loc":{"start":{"line":94,"column":71},"end":{"line":102,"column":null}}},"5":{"name":"(anonymous_16)","decl":{"start":{"line":105,"column":10},"end":{"line":105,"column":23}},"loc":{"start":{"line":105,"column":67},"end":{"line":133,"column":null}}},"6":{"name":"(anonymous_18)","decl":{"start":{"line":135,"column":10},"end":{"line":135,"column":27}},"loc":{"start":{"line":135,"column":75},"end":{"line":148,"column":null}}}},"branchMap":{"0":{"loc":{"start":{"line":83,"column":12},"end":{"line":85,"column":null}},"type":"if","locations":[{"start":{"line":83,"column":12},"end":{"line":85,"column":null}}]},"1":{"loc":{"start":{"line":111,"column":12},"end":{"line":113,"column":null}},"type":"if","locations":[{"start":{"line":111,"column":12},"end":{"line":113,"column":null}}]},"2":{"loc":{"start":{"line":115,"column":12},"end":{"line":120,"column":null}},"type":"if","locations":[{"start":{"line":115,"column":12},"end":{"line":120,"column":null}}]},"3":{"loc":{"start":{"line":115,"column":16},"end":{"line":117,"column":60}},"type":"binary-expr","locations":[{"start":{"line":115,"column":16},"end":{"line":115,"column":47}},{"start":{"line":116,"column":16},"end":{"line":116,"column":54}},{"start":{"line":117,"column":16},"end":{"line":117,"column":60}}]},"4":{"loc":{"start":{"line":122,"column":12},"end":{"line":124,"column":null}},"type":"if","locations":[{"start":{"line":122,"column":12},"end":{"line":124,"column":null}}]},"5":{"loc":{"start":{"line":139,"column":12},"end":{"line":141,"column":null}},"type":"if","locations":[{"start":{"line":139,"column":12},"end":{"line":141,"column":null}}]}},"s":{"0":0,"1":0,"2":0,"3":0,"4":0,"5":0,"6":0,"7":0,"8":0,"9":0,"10":0,"11":0,"12":0,"13":0,"14":0,"15":0,"16":0,"17":0,"18":0,"19":0,"20":0,"21":0,"22":0,"23":0,"24":0,"25":0,"26":0,"27":0,"28":0,"29":0,"30":0,"31":0,"32":0,"33":0,"34":0,"35":0,"36":0,"37":0,"38":0,"39":0,"40":0,"41":0,"42":0,"43":0,"44":0,"45":0,"46":0,"47":0,"48":0,"49":0,"50":0,"51":0,"52":0,"53":0,"54":0,"55":0,"56":0,"57":0,"58":0},"f":{"0":0,"1":0,"2":0,"3":0,"4":0,"5":0,"6":0},"b":{"0":[0],"1":[0],"2":[0],"3":[0,0,0],"4":[0],"5":[0]}}
,"E:\\side_project\\DogeStore\\src\\routes\\PurchaseRouter.ts": {"path":"E:\\side_project\\DogeStore\\src\\routes\\PurchaseRouter.ts","statementMap":{"0":{"start":{"line":1,"column":0},"end":{"line":1,"column":23}},"1":{"start":{"line":3,"column":0},"end":{"line":3,"column":33}},"2":{"start":{"line":5,"column":0},"end":{"line":5,"column":51}},"3":{"start":{"line":8,"column":0},"end":{"line":8,"column":65}},"4":{"start":{"line":9,"column":0},"end":{"line":9,"column":62}},"5":{"start":{"line":11,"column":0},"end":{"line":11,"column":55}},"6":{"start":{"line":12,"column":0},"end":{"line":12,"column":54}},"7":{"start":{"line":13,"column":0},"end":{"line":13,"column":55}},"8":{"start":{"line":14,"column":0},"end":{"line":14,"column":28}},"9":{"start":{"line":15,"column":0},"end":{"line":15,"column":39}},"10":{"start":{"line":16,"column":0},"end":{"line":16,"column":52}},"11":{"start":{"line":17,"column":0},"end":{"line":17,"column":60}},"12":{"start":{"line":21,"column":4},"end":{"line":21,"column":22}},"13":{"start":{"line":25,"column":12},"end":{"line":25,"column":49}},"14":{"start":{"line":28,"column":12},"end":{"line":33,"column":6}},"15":{"start":{"line":39,"column":25},"end":{"line":39,"column":83}},"16":{"start":{"line":41,"column":25},"end":{"line":41,"column":51}},"17":{"start":{"line":42,"column":8},"end":{"line":42,"column":61}},"18":{"start":{"line":44,"column":30},"end":{"line":44,"column":61}},"19":{"start":{"line":45,"column":8},"end":{"line":45,"column":76}},"20":{"start":{"line":48,"column":8},"end":{"line":48,"column":31}},"21":{"start":{"line":54,"column":8},"end":{"line":54,"column":88}},"22":{"start":{"line":55,"column":8},"end":{"line":55,"column":148}},"23":{"start":{"line":58,"column":8},"end":{"line":58,"column":121}},"24":{"start":{"line":59,"column":8},"end":{"line":59,"column":168}},"25":{"start":{"line":63,"column":8},"end":{"line":72,"column":null}},"26":{"start":{"line":65,"column":26},"end":{"line":65,"column":40}},"27":{"start":{"line":66,"column":29},"end":{"line":66,"column":48}},"28":{"start":{"line":68,"column":12},"end":{"line":68,"column":89}},"29":{"start":{"line":69,"column":12},"end":{"line":69,"column":41}},"30":{"start":{"line":71,"column":12},"end":{"line":71,"column":29}},"31":{"start":{"line":76,"column":8},"end":{"line":84,"column":null}},"32":{"start":{"line":78,"column":26},"end":{"line":78,"column":40}},"33":{"start":{"line":79,"column":35},"end":{"line":79,"column":94}},"34":{"start":{"line":80,"column":12},"end":{"line":80,"column":46}},"35":{"start":{"line":83,"column":12},"end":{"line":83,"column":29}},"36":{"start":{"line":88,"column":8},"end":{"line":101,"column":null}},"37":{"start":{"line":90,"column":37},"end":{"line":90,"column":58}},"38":{"start":{"line":91,"column":12},"end":{"line":93,"column":null}},"39":{"start":{"line":92,"column":16},"end":{"line":92,"column":55}},"40":{"start":{"line":95,"column":23},"end":{"line":95,"column":76}},"41":{"start":{"line":96,"column":12},"end":{"line":96,"column":38}},"42":{"start":{"line":100,"column":12},"end":{"line":100,"column":29}},"43":{"start":{"line":105,"column":8},"end":{"line":127,"column":null}},"44":{"start":{"line":107,"column":26},"end":{"line":107,"column":40}},"45":{"start":{"line":108,"column":12},"end":{"line":110,"column":null}},"46":{"start":{"line":109,"column":16},"end":{"line":109,"column":30}},"47":{"start":{"line":112,"column":37},"end":{"line":112,"column":58}},"48":{"start":{"line":113,"column":12},"end":{"line":115,"column":null}},"49":{"start":{"line":114,"column":16},"end":{"line":114,"column":55}},"50":{"start":{"line":118,"column":35},"end":{"line":118,"column":106}},"51":{"start":{"line":120,"column":12},"end":{"line":124,"column":null}},"52":{"start":{"line":121,"column":16},"end":{"line":121,"column":30}},"53":{"start":{"line":123,"column":16},"end":{"line":123,"column":null}},"54":{"start":{"line":126,"column":12},"end":{"line":126,"column":29}},"55":{"start":{"line":131,"column":8},"end":{"line":150,"column":null}},"56":{"start":{"line":133,"column":37},"end":{"line":133,"column":58}},"57":{"start":{"line":134,"column":12},"end":{"line":136,"column":null}},"58":{"start":{"line":135,"column":16},"end":{"line":135,"column":55}},"59":{"start":{"line":138,"column":12},"end":{"line":142,"column":null}},"60":{"start":{"line":141,"column":16},"end":{"line":141,"column":52}},"61":{"start":{"line":145,"column":12},"end":{"line":145,"column":85}},"62":{"start":{"line":146,"column":12},"end":{"line":146,"column":41}},"63":{"start":{"line":149,"column":12},"end":{"line":149,"column":29}},"64":{"start":{"line":155,"column":0},"end":{"line":155,"column":43}}},"fnMap":{"0":{"name":"(anonymous_8)","decl":{"start":{"line":37,"column":4},"end":{"line":37,"column":null}},"loc":{"start":{"line":37,"column":4},"end":{"line":49,"column":5}}},"1":{"name":"(anonymous_9)","decl":{"start":{"line":51,"column":4},"end":{"line":51,"column":19}},"loc":{"start":{"line":51,"column":19},"end":{"line":60,"column":5}}},"2":{"name":"(anonymous_10)","decl":{"start":{"line":62,"column":10},"end":{"line":62,"column":26}},"loc":{"start":{"line":62,"column":70},"end":{"line":73,"column":null}}},"3":{"name":"(anonymous_12)","decl":{"start":{"line":75,"column":10},"end":{"line":75,"column":29}},"loc":{"start":{"line":75,"column":73},"end":{"line":85,"column":null}}},"4":{"name":"(anonymous_14)","decl":{"start":{"line":87,"column":10},"end":{"line":87,"column":27}},"loc":{"start":{"line":87,"column":71},"end":{"line":102,"column":null}}},"5":{"name":"(anonymous_16)","decl":{"start":{"line":104,"column":10},"end":{"line":104,"column":36}},"loc":{"start":{"line":104,"column":80},"end":{"line":128,"column":null}}},"6":{"name":"(anonymous_18)","decl":{"start":{"line":130,"column":10},"end":{"line":130,"column":30}},"loc":{"start":{"line":130,"column":74},"end":{"line":151,"column":null}}}},"branchMap":{"0":{"loc":{"start":{"line":91,"column":12},"end":{"line":93,"column":null}},"type":"if","locations":[{"start":{"line":91,"column":12},"end":{"line":93,"column":null}}]},"1":{"loc":{"start":{"line":108,"column":12},"end":{"line":110,"column":null}},"type":"if","locations":[{"start":{"line":108,"column":12},"end":{"line":110,"column":null}}]},"2":{"loc":{"start":{"line":113,"column":12},"end":{"line":115,"column":null}},"type":"if","locations":[{"start":{"line":113,"column":12},"end":{"line":115,"column":null}}]},"3":{"loc":{"start":{"line":120,"column":12},"end":{"line":124,"column":null}},"type":"if","locations":[{"start":{"line":120,"column":12},"end":{"line":124,"column":null}},{"start":{"line":122,"column":19},"end":{"line":124,"column":null}}]},"4":{"loc":{"start":{"line":134,"column":12},"end":{"line":136,"column":null}},"type":"if","locations":[{"start":{"line":134,"column":12},"end":{"line":136,"column":null}}]},"5":{"loc":{"start":{"line":138,"column":12},"end":{"line":142,"column":null}},"type":"if","locations":[{"start":{"line":138,"column":12},"end":{"line":142,"column":null}}]},"6":{"loc":{"start":{"line":138,"column":16},"end":{"line":139,"column":54}},"type":"binary-expr","locations":[{"start":{"line":138,"column":16},"end":{"line":138,"column":47}},{"start":{"line":139,"column":16},"end":{"line":139,"column":54}}]}},"s":{"0":0,"1":0,"2":0,"3":0,"4":0,"5":0,"6":0,"7":0,"8":0,"9":0,"10":0,"11":0,"12":0,"13":0,"14":0,"15":0,"16":0,"17":0,"18":0,"19":0,"20":0,"21":0,"22":0,"23":0,"24":0,"25":0,"26":0,"27":0,"28":0,"29":0,"30":0,"31":0,"32":0,"33":0,"34":0,"35":0,"36":0,"37":0,"38":0,"39":0,"40":0,"41":0,"42":0,"43":0,"44":0,"45":0,"46":0,"47":0,"48":0,"49":0,"50":0,"51":0,"52":0,"53":0,"54":0,"55":0,"56":0,"57":0,"58":0,"59":0,"60":0,"61":0,"62":0,"63":0,"64":0},"f":{"0":0,"1":0,"2":0,"3":0,"4":0,"5":0,"6":0},"b":{"0":[0],"1":[0],"2":[0],"3":[0,0],"4":[0],"5":[0],"6":[0,0]}}
,"E:\\side_project\\DogeStore\\src\\routes\\UserRoutes.ts": {"path":"E:\\side_project\\DogeStore\\src\\routes\\UserRoutes.ts","statementMap":{"0":{"start":{"line":1,"column":0},"end":{"line":1,"column":23}},"1":{"start":{"line":3,"column":0},"end":{"line":3,"column":33}},"2":{"start":{"line":5,"column":0},"end":{"line":5,"column":51}},"3":{"start":{"line":9,"column":0},"end":{"line":9,"column":60}},"4":{"start":{"line":10,"column":0},"end":{"line":10,"column":46}},"5":{"start":{"line":12,"column":0},"end":{"line":12,"column":49}},"6":{"start":{"line":16,"column":4},"end":{"line":16,"column":22}},"7":{"start":{"line":18,"column":12},"end":{"line":28,"column":6}},"8":{"start":{"line":30,"column":12},"end":{"line":44,"column":6}},"9":{"start":{"line":54,"column":8},"end":{"line":54,"column":85}},"10":{"start":{"line":55,"column":8},"end":{"line":55,"column":52}},"11":{"start":{"line":56,"column":8},"end":{"line":56,"column":57}},"12":{"start":{"line":58,"column":8},"end":{"line":58,"column":31}},"13":{"start":{"line":63,"column":8},"end":{"line":63,"column":105}},"14":{"start":{"line":64,"column":8},"end":{"line":64,"column":113}},"15":{"start":{"line":69,"column":8},"end":{"line":87,"column":null}},"16":{"start":{"line":70,"column":24},"end":{"line":70,"column":38}},"17":{"start":{"line":71,"column":27},"end":{"line":71,"column":44}},"18":{"start":{"line":74,"column":22},"end":{"line":74,"column":72}},"19":{"start":{"line":76,"column":12},"end":{"line":83,"column":null}},"20":{"start":{"line":78,"column":31},"end":{"line":78,"column":47}},"21":{"start":{"line":79,"column":16},"end":{"line":79,"column":35}},"22":{"start":{"line":82,"column":16},"end":{"line":82,"column":38}},"23":{"start":{"line":86,"column":12},"end":{"line":86,"column":22}},"24":{"start":{"line":93,"column":8},"end":{"line":104,"column":null}},"25":{"start":{"line":94,"column":24},"end":{"line":94,"column":38}},"26":{"start":{"line":95,"column":27},"end":{"line":95,"column":44}},"27":{"start":{"line":96,"column":27},"end":{"line":96,"column":44}},"28":{"start":{"line":98,"column":12},"end":{"line":98,"column":73}},"29":{"start":{"line":100,"column":12},"end":{"line":100,"column":41}},"30":{"start":{"line":103,"column":12},"end":{"line":103,"column":22}},"31":{"start":{"line":110,"column":0},"end":{"line":110,"column":39}}},"fnMap":{"0":{"name":"(anonymous_8)","decl":{"start":{"line":52,"column":4},"end":{"line":52,"column":null}},"loc":{"start":{"line":52,"column":4},"end":{"line":59,"column":5}}},"1":{"name":"(anonymous_9)","decl":{"start":{"line":61,"column":4},"end":{"line":61,"column":19}},"loc":{"start":{"line":61,"column":19},"end":{"line":65,"column":5}}},"2":{"name":"(anonymous_10)","decl":{"start":{"line":68,"column":10},"end":{"line":68,"column":20}},"loc":{"start":{"line":68,"column":68},"end":{"line":88,"column":null}}},"3":{"name":"(anonymous_12)","decl":{"start":{"line":92,"column":10},"end":{"line":92,"column":22}},"loc":{"start":{"line":92,"column":70},"end":{"line":105,"column":null}}}},"branchMap":{"0":{"loc":{"start":{"line":76,"column":12},"end":{"line":83,"column":null}},"type":"if","locations":[{"start":{"line":76,"column":12},"end":{"line":83,"column":null}},{"start":{"line":81,"column":19},"end":{"line":83,"column":null}}]}},"s":{"0":0,"1":0,"2":0,"3":0,"4":0,"5":0,"6":0,"7":0,"8":0,"9":0,"10":0,"11":0,"12":0,"13":0,"14":0,"15":0,"16":0,"17":0,"18":0,"19":0,"20":0,"21":0,"22":0,"23":0,"24":0,"25":0,"26":0,"27":0,"28":0,"29":0,"30":0,"31":0},"f":{"0":0,"1":0,"2":0,"3":0},"b":{"0":[0,0]}}
,"E:\\side_project\\DogeStore\\src\\routes\\index.ts": {"path":"E:\\side_project\\DogeStore\\src\\routes\\index.ts","statementMap":{"0":{"start":{"line":3,"column":0},"end":{"line":3,"column":44}},"1":{"start":{"line":4,"column":0},"end":{"line":4,"column":38}},"2":{"start":{"line":5,"column":0},"end":{"line":5,"column":46}},"3":{"start":{"line":9,"column":2},"end":{"line":9,"column":41}},"4":{"start":{"line":10,"column":2},"end":{"line":10,"column":35}},"5":{"start":{"line":11,"column":2},"end":{"line":11,"column":43}},"6":{"start":{"line":7,"column":0},"end":{"line":7,"column":21}}},"fnMap":{"0":{"name":"(anonymous_1)","decl":{"start":{"line":8,"column":1},"end":{"line":8,"column":13}},"loc":{"start":{"line":8,"column":29},"end":{"line":12,"column":2}}}},"branchMap":{},"s":{"0":0,"1":0,"2":0,"3":0,"4":0,"5":0,"6":0},"f":{"0":0},"b":{}}
,"E:\\side_project\\DogeStore\\src\\service\\JWTService.ts": {"path":"E:\\side_project\\DogeStore\\src\\service\\JWTService.ts","statementMap":{"0":{"start":{"line":2,"column":12},"end":{"line":2,"column":35}},"1":{"start":{"line":3,"column":0},"end":{"line":3,"column":23}},"2":{"start":{"line":9,"column":17},"end":{"line":9,"column":24}},"3":{"start":{"line":10,"column":20},"end":{"line":10,"column":30}},"4":{"start":{"line":11,"column":23},"end":{"line":11,"column":36}},"5":{"start":{"line":13,"column":22},"end":{"line":13,"column":84}},"6":{"start":{"line":14,"column":8},"end":{"line":14,"column":21}},"7":{"start":{"line":19,"column":8},"end":{"line":30,"column":11}},"8":{"start":{"line":21,"column":12},"end":{"line":29,"column":15}},"9":{"start":{"line":23,"column":16},"end":{"line":27,"column":null}},"10":{"start":{"line":24,"column":20},"end":{"line":24,"column":41}},"11":{"start":{"line":26,"column":20},"end":{"line":26,"column":47}},"12":{"start":{"line":5,"column":0},"end":{"line":5,"column":21}}},"fnMap":{"0":{"name":"(anonymous_0)","decl":{"start":{"line":7,"column":4},"end":{"line":7,"column":10}},"loc":{"start":{"line":7,"column":33},"end":{"line":15,"column":5}}},"1":{"name":"(anonymous_1)","decl":{"start":{"line":17,"column":4},"end":{"line":17,"column":10}},"loc":{"start":{"line":17,"column":46},"end":{"line":31,"column":5}}},"2":{"name":"(anonymous_2)","decl":{"start":{"line":19,"column":27},"end":{"line":19,"column":28}},"loc":{"start":{"line":19,"column":39},"end":{"line":30,"column":9}}},"3":{"name":"(anonymous_3)","decl":{"start":{"line":21,"column":59},"end":{"line":21,"column":69}},"loc":{"start":{"line":21,"column":91},"end":{"line":29,"column":13}}}},"branchMap":{"0":{"loc":{"start":{"line":23,"column":16},"end":{"line":27,"column":null}},"type":"if","locations":[{"start":{"line":23,"column":16},"end":{"line":27,"column":null}},{"start":{"line":25,"column":23},"end":{"line":27,"column":null}}]}},"s":{"0":8,"1":8,"2":1,"3":1,"4":1,"5":1,"6":1,"7":2,"8":2,"9":2,"10":1,"11":1,"12":8},"f":{"0":1,"1":2,"2":2,"3":2},"b":{"0":[1,1]}}
,"E:\\side_project\\DogeStore\\src\\service\\ProductService.ts": {"path":"E:\\side_project\\DogeStore\\src\\service\\ProductService.ts","statementMap":{"0":{"start":{"line":3,"column":0},"end":{"line":3,"column":40}},"1":{"start":{"line":4,"column":0},"end":{"line":4,"column":20}},"2":{"start":{"line":5,"column":0},"end":{"line":5,"column":24}},"3":{"start":{"line":17,"column":8},"end":{"line":17,"column":37}},"4":{"start":{"line":22,"column":22},"end":{"line":22,"column":86}},"5":{"start":{"line":23,"column":8},"end":{"line":23,"column":46}},"6":{"start":{"line":28,"column":22},"end":{"line":28,"column":95}},"7":{"start":{"line":30,"column":8},"end":{"line":32,"column":11}},"8":{"start":{"line":35,"column":23},"end":{"line":35,"column":79}},"9":{"start":{"line":36,"column":8},"end":{"line":36,"column":57}},"10":{"start":{"line":41,"column":22},"end":{"line":41,"column":95}},"11":{"start":{"line":42,"column":8},"end":{"line":42,"column":58}},"12":{"start":{"line":48,"column":22},"end":{"line":48,"column":97}},"13":{"start":{"line":50,"column":8},"end":{"line":52,"column":11}},"14":{"start":{"line":54,"column":23},"end":{"line":54,"column":59}},"15":{"start":{"line":55,"column":23},"end":{"line":55,"column":51}},"16":{"start":{"line":57,"column":8},"end":{"line":57,"column":55}},"17":{"start":{"line":62,"column":23},"end":{"line":62,"column":59}},"18":{"start":{"line":63,"column":33},"end":{"line":63,"column":118}},"19":{"start":{"line":64,"column":8},"end":{"line":64,"column":34}},"20":{"start":{"line":68,"column":22},"end":{"line":68,"column":97}},"21":{"start":{"line":69,"column":8},"end":{"line":69,"column":58}},"22":{"start":{"line":75,"column":38},"end":{"line":75,"column":72}},"23":{"start":{"line":77,"column":27},"end":{"line":77,"column":29}},"24":{"start":{"line":78,"column":8},"end":{"line":80,"column":null}},"25":{"start":{"line":79,"column":12},"end":{"line":79,"column":63}},"26":{"start":{"line":82,"column":8},"end":{"line":82,"column":28}},"27":{"start":{"line":86,"column":34},"end":{"line":86,"column":65}},"28":{"start":{"line":88,"column":28},"end":{"line":88,"column":64}},"29":{"start":{"line":89,"column":8},"end":{"line":89,"column":29}},"30":{"start":{"line":93,"column":8},"end":{"line":93,"column":45}},"31":{"start":{"line":95,"column":8},"end":{"line":95,"column":48}},"32":{"start":{"line":96,"column":8},"end":{"line":96,"column":52}},"33":{"start":{"line":7,"column":0},"end":{"line":7,"column":21}},"34":{"start":{"line":11,"column":20},"end":{"line":11,"column":96}},"35":{"start":{"line":12,"column":20},"end":{"line":12,"column":92}},"36":{"start":{"line":13,"column":20},"end":{"line":13,"column":58}},"37":{"start":{"line":14,"column":20},"end":{"line":14,"column":68}}},"fnMap":{"0":{"name":"(anonymous_8)","decl":{"start":{"line":16,"column":4},"end":{"line":16,"column":16}},"loc":{"start":{"line":16,"column":38},"end":{"line":18,"column":5}}},"1":{"name":"(anonymous_9)","decl":{"start":{"line":21,"column":10},"end":{"line":21,"column":20}},"loc":{"start":{"line":21,"column":109},"end":{"line":24,"column":null}}},"2":{"name":"(anonymous_11)","decl":{"start":{"line":26,"column":10},"end":{"line":26,"column":23}},"loc":{"start":{"line":26,"column":61},"end":{"line":38,"column":null}}},"3":{"name":"(anonymous_13)","decl":{"start":{"line":30,"column":47},"end":{"line":30,"column":49}},"loc":{"start":{"line":30,"column":51},"end":{"line":32,"column":9}}},"4":{"name":"(anonymous_14)","decl":{"start":{"line":40,"column":4},"end":{"line":40,"column":20}},"loc":{"start":{"line":40,"column":39},"end":{"line":43,"column":5}}},"5":{"name":"(anonymous_15)","decl":{"start":{"line":46,"column":10},"end":{"line":46,"column":27}},"loc":{"start":{"line":46,"column":63},"end":{"line":58,"column":null}}},"6":{"name":"(anonymous_17)","decl":{"start":{"line":50,"column":47},"end":{"line":50,"column":49}},"loc":{"start":{"line":50,"column":51},"end":{"line":52,"column":9}}},"7":{"name":"(anonymous_18)","decl":{"start":{"line":61,"column":4},"end":{"line":61,"column":25}},"loc":{"start":{"line":61,"column":44},"end":{"line":65,"column":5}}},"8":{"name":"(anonymous_19)","decl":{"start":{"line":67,"column":4},"end":{"line":67,"column":24}},"loc":{"start":{"line":67,"column":43},"end":{"line":70,"column":5}}},"9":{"name":"(anonymous_20)","decl":{"start":{"line":73,"column":10},"end":{"line":73,"column":25}},"loc":{"start":{"line":73,"column":36},"end":{"line":83,"column":null}}},"10":{"name":"(anonymous_22)","decl":{"start":{"line":85,"column":10},"end":{"line":85,"column":24}},"loc":{"start":{"line":85,"column":24},"end":{"line":90,"column":null}}},"11":{"name":"(anonymous_24)","decl":{"start":{"line":92,"column":10},"end":{"line":92,"column":27}},"loc":{"start":{"line":92,"column":38},"end":{"line":97,"column":null}}},"12":{"name":"(anonymous_26)","decl":{"start":{"line":95,"column":40},"end":{"line":95,"column":42}},"loc":{"start":{"line":95,"column":44},"end":{"line":95,"column":46}}},"13":{"name":"(anonymous_27)","decl":{"start":{"line":96,"column":44},"end":{"line":96,"column":46}},"loc":{"start":{"line":96,"column":48},"end":{"line":96,"column":50}}}},"branchMap":{"0":{"loc":{"start":{"line":78,"column":8},"end":{"line":80,"column":null}},"type":"if","locations":[{"start":{"line":78,"column":8},"end":{"line":80,"column":null}}]}},"s":{"0":1,"1":1,"2":1,"3":8,"4":1,"5":1,"6":1,"7":1,"8":1,"9":1,"10":1,"11":1,"12":1,"13":1,"14":1,"15":1,"16":1,"17":1,"18":1,"19":1,"20":0,"21":0,"22":2,"23":2,"24":2,"25":1,"26":2,"27":1,"28":1,"29":1,"30":1,"31":1,"32":1,"33":1,"34":1,"35":1,"36":1,"37":1},"f":{"0":8,"1":1,"2":1,"3":0,"4":1,"5":1,"6":1,"7":1,"8":0,"9":2,"10":1,"11":1,"12":0,"13":0},"b":{"0":[1]}}
,"E:\\side_project\\DogeStore\\src\\service\\PurchaseListService.ts": {"path":"E:\\side_project\\DogeStore\\src\\service\\PurchaseListService.ts","statementMap":{"0":{"start":{"line":8,"column":8},"end":{"line":8,"column":47}},"1":{"start":{"line":13,"column":25},"end":{"line":13,"column":35}},"2":{"start":{"line":14,"column":8},"end":{"line":14,"column":null}},"3":{"start":{"line":19,"column":23},"end":{"line":19,"column":75}},"4":{"start":{"line":21,"column":22},"end":{"line":21,"column":24}},"5":{"start":{"line":22,"column":8},"end":{"line":24,"column":null}},"6":{"start":{"line":23,"column":12},"end":{"line":23,"column":31}},"7":{"start":{"line":26,"column":8},"end":{"line":26,"column":23}},"8":{"start":{"line":31,"column":23},"end":{"line":31,"column":75}},"9":{"start":{"line":33,"column":8},"end":{"line":35,"column":null}},"10":{"start":{"line":34,"column":12},"end":{"line":34,"column":25}},"11":{"start":{"line":38,"column":8},"end":{"line":42,"column":null}},"12":{"start":{"line":39,"column":12},"end":{"line":41,"column":null}},"13":{"start":{"line":40,"column":16},"end":{"line":40,"column":28}},"14":{"start":{"line":44,"column":8},"end":{"line":44,"column":21}},"15":{"start":{"line":3,"column":0},"end":{"line":3,"column":21}}},"fnMap":{"0":{"name":"(anonymous_7)","decl":{"start":{"line":7,"column":4},"end":{"line":7,"column":16}},"loc":{"start":{"line":7,"column":48},"end":{"line":9,"column":5}}},"1":{"name":"(anonymous_8)","decl":{"start":{"line":11,"column":10},"end":{"line":11,"column":34}},"loc":{"start":{"line":11,"column":70},"end":{"line":15,"column":null}}},"2":{"name":"(anonymous_10)","decl":{"start":{"line":17,"column":10},"end":{"line":17,"column":29}},"loc":{"start":{"line":17,"column":45},"end":{"line":27,"column":null}}},"3":{"name":"(anonymous_12)","decl":{"start":{"line":29,"column":10},"end":{"line":29,"column":29}},"loc":{"start":{"line":29,"column":65},"end":{"line":46,"column":null}}}},"branchMap":{"0":{"loc":{"start":{"line":33,"column":8},"end":{"line":35,"column":null}},"type":"if","locations":[{"start":{"line":33,"column":8},"end":{"line":35,"column":null}}]},"1":{"loc":{"start":{"line":39,"column":12},"end":{"line":41,"column":null}},"type":"if","locations":[{"start":{"line":39,"column":12},"end":{"line":41,"column":null}}]}},"s":{"0":4,"1":0,"2":0,"3":1,"4":1,"5":1,"6":2,"7":1,"8":3,"9":3,"10":1,"11":2,"12":2,"13":1,"14":1,"15":1},"f":{"0":4,"1":0,"2":1,"3":3},"b":{"0":[1],"1":[1]}}
,"E:\\side_project\\DogeStore\\src\\service\\UserService.ts": {"path":"E:\\side_project\\DogeStore\\src\\service\\UserService.ts","statementMap":{"0":{"start":{"line":2,"column":0},"end":{"line":2,"column":34}},"1":{"start":{"line":3,"column":0},"end":{"line":3,"column":38}},"2":{"start":{"line":4,"column":15},"end":{"line":4,"column":32}},"3":{"start":{"line":13,"column":8},"end":{"line":13,"column":31}},"4":{"start":{"line":19,"column":22},"end":{"line":19,"column":67}},"5":{"start":{"line":21,"column":8},"end":{"line":27,"column":null}},"6":{"start":{"line":22,"column":29},"end":{"line":22,"column":74}},"7":{"start":{"line":24,"column":22},"end":{"line":24,"column":50}},"8":{"start":{"line":25,"column":12},"end":{"line":25,"column":23}},"9":{"start":{"line":28,"column":8},"end":{"line":28,"column":20}},"10":{"start":{"line":34,"column":32},"end":{"line":34,"column":69}},"11":{"start":{"line":36,"column":8},"end":{"line":39,"column":null}},"12":{"start":{"line":37,"column":30},"end":{"line":37,"column":87}},"13":{"start":{"line":38,"column":12},"end":{"line":38,"column":31}},"14":{"start":{"line":40,"column":8},"end":{"line":40,"column":21}},"15":{"start":{"line":46,"column":26},"end":{"line":46,"column":63}},"16":{"start":{"line":47,"column":8},"end":{"line":49,"column":null}},"17":{"start":{"line":48,"column":12},"end":{"line":48,"column":41}},"18":{"start":{"line":51,"column":27},"end":{"line":51,"column":62}},"19":{"start":{"line":53,"column":8},"end":{"line":59,"column":null}},"20":{"start":{"line":54,"column":23},"end":{"line":54,"column":68}},"21":{"start":{"line":55,"column":12},"end":{"line":55,"column":44}},"22":{"start":{"line":57,"column":23},"end":{"line":57,"column":66}},"23":{"start":{"line":58,"column":12},"end":{"line":58,"column":44}},"24":{"start":{"line":64,"column":8},"end":{"line":64,"column":71}},"25":{"start":{"line":68,"column":8},"end":{"line":68,"column":46}},"26":{"start":{"line":73,"column":32},"end":{"line":73,"column":69}},"27":{"start":{"line":75,"column":8},"end":{"line":77,"column":null}},"28":{"start":{"line":76,"column":12},"end":{"line":76,"column":24}},"29":{"start":{"line":78,"column":8},"end":{"line":78,"column":21}},"30":{"start":{"line":84,"column":32},"end":{"line":84,"column":63}},"31":{"start":{"line":86,"column":8},"end":{"line":88,"column":null}},"32":{"start":{"line":87,"column":12},"end":{"line":87,"column":24}},"33":{"start":{"line":89,"column":8},"end":{"line":89,"column":21}},"34":{"start":{"line":6,"column":0},"end":{"line":6,"column":21}},"35":{"start":{"line":10,"column":20},"end":{"line":10,"column":46}}},"fnMap":{"0":{"name":"(anonymous_8)","decl":{"start":{"line":12,"column":4},"end":{"line":12,"column":16}},"loc":{"start":{"line":12,"column":32},"end":{"line":14,"column":5}}},"1":{"name":"(anonymous_9)","decl":{"start":{"line":17,"column":10},"end":{"line":17,"column":20}},"loc":{"start":{"line":17,"column":52},"end":{"line":30,"column":null}}},"2":{"name":"(anonymous_11)","decl":{"start":{"line":32,"column":10},"end":{"line":32,"column":27}},"loc":{"start":{"line":32,"column":59},"end":{"line":42,"column":null}}},"3":{"name":"(anonymous_13)","decl":{"start":{"line":44,"column":10},"end":{"line":44,"column":20}},"loc":{"start":{"line":44,"column":83},"end":{"line":60,"column":null}}},"4":{"name":"(anonymous_15)","decl":{"start":{"line":63,"column":4},"end":{"line":63,"column":18}},"loc":{"start":{"line":63,"column":35},"end":{"line":65,"column":5}}},"5":{"name":"(anonymous_16)","decl":{"start":{"line":67,"column":4},"end":{"line":67,"column":25}},"loc":{"start":{"line":67,"column":56},"end":{"line":69,"column":5}}},"6":{"name":"(anonymous_17)","decl":{"start":{"line":71,"column":10},"end":{"line":71,"column":29}},"loc":{"start":{"line":71,"column":43},"end":{"line":80,"column":null}}},"7":{"name":"(anonymous_19)","decl":{"start":{"line":82,"column":10},"end":{"line":82,"column":28}},"loc":{"start":{"line":82,"column":39},"end":{"line":91,"column":null}}}},"branchMap":{"0":{"loc":{"start":{"line":21,"column":8},"end":{"line":27,"column":null}},"type":"if","locations":[{"start":{"line":21,"column":8},"end":{"line":27,"column":null}}]},"1":{"loc":{"start":{"line":36,"column":8},"end":{"line":39,"column":null}},"type":"if","locations":[{"start":{"line":36,"column":8},"end":{"line":39,"column":null}}]},"2":{"loc":{"start":{"line":47,"column":8},"end":{"line":49,"column":null}},"type":"if","locations":[{"start":{"line":47,"column":8},"end":{"line":49,"column":null}}]},"3":{"loc":{"start":{"line":53,"column":8},"end":{"line":59,"column":null}},"type":"if","locations":[{"start":{"line":53,"column":8},"end":{"line":59,"column":null}},{"start":{"line":56,"column":15},"end":{"line":59,"column":null}}]},"4":{"loc":{"start":{"line":75,"column":8},"end":{"line":77,"column":null}},"type":"if","locations":[{"start":{"line":75,"column":8},"end":{"line":77,"column":null}}]},"5":{"loc":{"start":{"line":86,"column":8},"end":{"line":88,"column":null}},"type":"if","locations":[{"start":{"line":86,"column":8},"end":{"line":88,"column":null}}]}},"s":{"0":6,"1":6,"2":6,"3":8,"4":2,"5":2,"6":1,"7":1,"8":1,"9":1,"10":3,"11":3,"12":2,"13":2,"14":1,"15":1,"16":1,"17":0,"18":1,"19":1,"20":1,"21":1,"22":0,"23":0,"24":2,"25":1,"26":2,"27":2,"28":1,"29":1,"30":0,"31":0,"32":0,"33":0,"34":6,"35":6},"f":{"0":8,"1":2,"2":3,"3":1,"4":2,"5":1,"6":2,"7":0},"b":{"0":[1],"1":[2],"2":[0],"3":[1,0],"4":[1],"5":[0]}}
,"E:\\side_project\\DogeStore\\src\\utils\\utils.ts": {"path":"E:\\side_project\\DogeStore\\src\\utils\\utils.ts","statementMap":{"0":{"start":{"line":1,"column":0},"end":{"line":1,"column":44}},"1":{"start":{"line":5,"column":4},"end":{"line":9,"column":null}},"2":{"start":{"line":6,"column":8},"end":{"line":6,"column":20}},"3":{"start":{"line":8,"column":8},"end":{"line":8,"column":21}},"4":{"start":{"line":3,"column":0},"end":{"line":3,"column":16}}},"fnMap":{"0":{"name":"isAdmin","decl":{"start":{"line":3,"column":16},"end":{"line":3,"column":23}},"loc":{"start":{"line":3,"column":39},"end":{"line":10,"column":1}}}},"branchMap":{"0":{"loc":{"start":{"line":5,"column":4},"end":{"line":9,"column":null}},"type":"if","locations":[{"start":{"line":5,"column":4},"end":{"line":9,"column":null}},{"start":{"line":7,"column":11},"end":{"line":9,"column":null}}]}},"s":{"0":0,"1":0,"2":0,"3":0,"4":0},"f":{"0":0},"b":{"0":[0,0]}}
}
