TN:
SF:src\index.ts
FN:20,(anonymous_8)
FN:31,(anonymous_9)
FN:37,(anonymous_10)
FN:37,(anonymous_11)
FN:43,(anonymous_12)
FN:43,(anonymous_13)
FN:51,(anonymous_14)
FN:53,(anonymous_15)
FN:53,(anonymous_16)
FN:57,(anonymous_17)
FN:64,(anonymous_18)
FN:66,(anonymous_19)
FN:66,(anonymous_20)
FN:70,(anonymous_21)
FN:80,(anonymous_22)
FNF:15
FNH:0
FNDA:0,(anonymous_8)
FNDA:0,(anonymous_9)
FNDA:0,(anonymous_10)
FNDA:0,(anonymous_11)
FNDA:0,(anonymous_12)
FNDA:0,(anonymous_13)
FNDA:0,(anonymous_14)
FNDA:0,(anonymous_15)
FNDA:0,(anonymous_16)
FNDA:0,(anonymous_17)
FNDA:0,(anonymous_18)
FNDA:0,(anonymous_19)
FNDA:0,(anonymous_20)
FNDA:0,(anonymous_21)
FNDA:0,(anonymous_22)
DA:1,0
DA:2,0
DA:3,0
DA:4,0
DA:5,0
DA:6,0
DA:7,0
DA:8,0
DA:10,0
DA:12,0
DA:13,0
DA:14,0
DA:16,0
DA:17,0
DA:20,0
DA:21,0
DA:22,0
DA:25,0
DA:26,0
DA:31,0
DA:32,0
DA:35,0
DA:37,0
DA:38,0
DA:39,0
DA:40,0
DA:43,0
DA:44,0
DA:45,0
DA:49,0
DA:51,0
DA:52,0
DA:53,0
DA:54,0
DA:58,0
DA:59,0
DA:62,0
DA:64,0
DA:65,0
DA:66,0
DA:67,0
DA:71,0
DA:72,0
DA:76,0
DA:80,0
DA:81,0
DA:82,0
LF:47
LH:0
BRDA:21,0,0,0
BRDA:49,1,0,0
BRDA:49,1,1,0
BRDA:62,2,0,0
BRDA:62,2,1,0
BRF:5
BRH:0
end_of_record
TN:
SF:src\config\config.ts
FN:4,(anonymous_0)
FNF:1
FNH:1
FNDA:10,(anonymous_0)
DA:1,5
DA:4,5
DA:6,10
DA:13,10
DA:14,0
DA:15,0
DA:16,0
DA:17,0
DA:20,10
DA:24,5
LF:10
LH:6
BRDA:13,0,0,0
BRF:1
BRH:0
end_of_record
TN:
SF:src\db\MySQLConnectionPool.ts
FN:10,(anonymous_1)
FN:15,(anonymous_2)
FN:38,(anonymous_3)
FN:39,(anonymous_4)
FN:45,(anonymous_5)
FNF:5
FNH:3
FNDA:10,(anonymous_1)
FNDA:10,(anonymous_2)
FNDA:0,(anonymous_3)
FNDA:0,(anonymous_4)
FNDA:6,(anonymous_5)
DA:2,5
DA:3,5
DA:4,5
DA:6,5
DA:8,5
DA:11,10
DA:12,10
DA:17,10
DA:19,5
DA:21,5
DA:34,5
DA:39,0
DA:40,0
DA:41,0
DA:47,6
DA:48,1
DA:50,5
DA:51,5
LF:18
LH:15
BRDA:17,0,0,5
BRDA:47,1,0,1
BRF:2
BRH:2
end_of_record
TN:
SF:src\db\SeedDBFromSQLfile.ts
FN:9,(anonymous_8)
FN:13,(anonymous_9)
FN:22,(anonymous_11)
FNF:3
FNH:2
FNDA:5,(anonymous_8)
FNDA:5,(anonymous_9)
FNDA:0,(anonymous_11)
DA:3,5
DA:5,5
DA:10,5
DA:14,5
DA:16,5
DA:17,5
DA:19,5
DA:23,0
DA:25,0
DA:27,0
LF:10
LH:7
BRF:0
BRH:0
end_of_record
TN:
SF:src\db\db.ts
FN:7,createNewDatabase
FN:23,isDatabaseExist
FN:48,deletesDatabase
FNF:3
FNH:3
FNDA:6,createNewDatabase
FNDA:2,isDatabaseExist
FNDA:11,deletesDatabase
DA:1,5
DA:2,5
DA:3,5
DA:5,5
DA:7,5
DA:9,6
DA:11,6
DA:13,6
DA:16,0
DA:18,6
DA:23,5
DA:25,2
DA:27,2
DA:28,2
DA:30,2
DA:31,2
DA:34,0
DA:36,2
DA:39,2
DA:40,1
DA:42,1
DA:48,5
DA:49,11
DA:51,11
DA:53,11
DA:56,0
DA:58,11
LF:27
LH:24
BRDA:39,0,0,1
BRDA:39,0,1,1
BRF:2
BRH:2
end_of_record
TN:
SF:src\db\seed.ts
FN:17,resetDB
FN:29,initDBIfNotExist
FN:44,addAdminToDB
FN:62,insertFakeData
FN:91,(anonymous_16)
FNF:5
FNH:1
FNDA:5,resetDB
FNDA:0,initDBIfNotExist
FNDA:0,addAdminToDB
FNDA:0,insertFakeData
FNDA:0,(anonymous_16)
DA:1,5
DA:3,5
DA:4,5
DA:5,5
DA:7,5
DA:8,5
DA:9,5
DA:10,5
DA:11,5
DA:13,5
DA:15,5
DA:17,5
DA:19,5
DA:20,5
DA:22,5
DA:23,5
DA:25,5
DA:29,5
DA:31,0
DA:32,0
DA:35,0
DA:37,0
DA:38,0
DA:40,0
DA:44,5
DA:46,0
DA:48,0
DA:49,0
DA:51,0
DA:53,0
DA:54,0
DA:56,0
DA:57,0
DA:62,5
DA:64,0
DA:66,0
DA:70,0
DA:71,0
DA:72,0
DA:74,0
DA:75,0
DA:76,0
DA:78,0
DA:80,0
DA:90,5
DA:91,0
DA:92,0
LF:47
LH:21
BRDA:31,0,0,0
BRDA:56,1,0,0
BRDA:90,2,0,0
BRF:3
BRH:0
end_of_record
TN:
SF:src\entity\Product.ts
FN:10,(anonymous_0)
FN:27,(anonymous_1)
FNF:2
FNH:2
FNDA:21,(anonymous_0)
FNDA:1,(anonymous_1)
DA:11,21
DA:12,21
DA:13,21
DA:14,21
DA:17,21
DA:19,21
DA:20,7
DA:22,14
DA:29,1
DA:31,1
DA:32,1
DA:33,1
DA:37,1
DA:38,1
DA:40,1
DA:41,1
DA:43,1
DA:44,1
DA:46,1
DA:47,1
DA:48,2
DA:49,1
DA:50,1
DA:52,1
DA:54,1
DA:55,1
DA:60,1
DA:66,8
LF:28
LH:28
BRDA:19,0,0,7
BRDA:19,0,1,14
BRDA:31,1,0,1
BRDA:48,2,0,1
BRF:4
BRH:4
end_of_record
TN:
SF:src\entity\User.ts
FN:8,(anonymous_0)
FNF:1
FNH:1
FNDA:15,(anonymous_0)
DA:1,7
DA:9,15
DA:10,15
DA:11,15
DA:12,15
LF:5
LH:5
BRF:0
BRH:0
end_of_record
TN:
SF:src\middleware\isAdmin.ts
FN:7,isAdminMiddleware
FNF:1
FNH:0
FNDA:0,isAdminMiddleware
DA:3,0
DA:7,0
DA:9,0
DA:10,0
DA:12,0
LF:5
LH:0
BRDA:9,0,0,0
BRDA:9,0,1,0
BRF:2
BRH:0
end_of_record
TN:
SF:src\middleware\jwtAuth.ts
FN:9,authentication
FNF:1
FNH:1
FNDA:1,authentication
DA:1,1
DA:4,1
DA:5,1
DA:9,1
DA:11,1
DA:12,0
DA:15,1
DA:16,1
DA:17,1
DA:21,0
DA:22,0
DA:23,0
DA:25,0
DA:26,0
LF:14
LH:8
BRDA:11,0,0,0
BRDA:16,1,0,1
BRDA:22,2,0,0
BRDA:22,2,1,0
BRF:4
BRH:1
end_of_record
TN:
SF:src\repositories\ProductDAO.ts
FN:10,(anonymous_8)
FN:14,(anonymous_9)
FN:26,(anonymous_10)
FN:36,(anonymous_11)
FN:42,(anonymous_12)
FN:42,(anonymous_13)
FN:64,(anonymous_14)
FN:70,(anonymous_15)
FN:70,(anonymous_16)
FN:88,(anonymous_17)
FNF:10
FNH:10
FNDA:2,(anonymous_8)
FNDA:13,(anonymous_9)
FNDA:1,(anonymous_10)
FNDA:4,(anonymous_11)
FNDA:4,(anonymous_12)
FNDA:4,(anonymous_13)
FNDA:1,(anonymous_14)
FNDA:1,(anonymous_15)
FNDA:1,(anonymous_16)
FNDA:14,(anonymous_17)
DA:2,5
DA:6,5
DA:11,2
DA:15,13
DA:17,13
DA:18,13
DA:19,13
DA:21,0
DA:22,0
DA:28,1
DA:30,1
DA:32,1
DA:38,4
DA:40,4
DA:42,4
DA:44,4
DA:45,4
DA:48,0
DA:51,4
DA:53,4
DA:54,2
DA:57,2
DA:58,2
DA:66,1
DA:67,1
DA:68,1
DA:70,1
DA:73,1
DA:74,1
DA:76,0
DA:79,1
DA:80,1
DA:81,2
DA:83,1
DA:90,14
DA:92,14
DA:93,14
LF:37
LH:33
BRDA:17,0,0,13
BRDA:17,0,1,0
BRDA:53,1,0,2
BRF:3
BRH:2
end_of_record
TN:
SF:src\repositories\PurchaseListDAO.ts
FN:10,(anonymous_8)
FN:14,(anonymous_9)
FN:22,(anonymous_10)
FN:26,(anonymous_11)
FN:26,(anonymous_12)
FN:57,(anonymous_13)
FNF:6
FNH:6
FNDA:1,(anonymous_8)
FNDA:4,(anonymous_9)
FNDA:2,(anonymous_10)
FNDA:2,(anonymous_11)
FNDA:2,(anonymous_12)
FNDA:3,(anonymous_13)
DA:3,1
DA:6,1
DA:11,1
DA:16,4
DA:18,4
DA:19,4
DA:24,2
DA:26,2
DA:29,2
DA:30,2
DA:32,2
DA:34,0
DA:37,2
DA:40,2
DA:41,1
DA:44,1
DA:46,1
DA:47,1
DA:50,1
DA:58,3
DA:59,3
LF:21
LH:20
BRDA:40,0,0,1
BRF:1
BRH:1
end_of_record
TN:
SF:src\repositories\UserDAO.ts
FN:9,(anonymous_8)
FN:13,(anonymous_9)
FN:30,(anonymous_10)
FN:39,(anonymous_11)
FN:45,(anonymous_12)
FN:45,(anonymous_13)
FN:69,(anonymous_14)
FN:75,(anonymous_15)
FN:75,(anonymous_16)
FN:100,(anonymous_17)
FN:106,(anonymous_18)
FN:106,(anonymous_19)
FN:126,(anonymous_20)
FNF:13
FNH:10
FNDA:3,(anonymous_8)
FNDA:18,(anonymous_9)
FNDA:1,(anonymous_10)
FNDA:4,(anonymous_11)
FNDA:4,(anonymous_12)
FNDA:4,(anonymous_13)
FNDA:0,(anonymous_14)
FNDA:0,(anonymous_15)
FNDA:0,(anonymous_16)
FNDA:1,(anonymous_17)
FNDA:1,(anonymous_18)
FNDA:1,(anonymous_19)
FNDA:19,(anonymous_20)
DA:3,5
DA:5,5
DA:10,3
DA:14,18
DA:17,18
DA:19,18
DA:20,18
DA:24,0
DA:25,0
DA:32,1
DA:34,1
DA:35,1
DA:41,4
DA:43,4
DA:45,4
DA:49,4
DA:50,4
DA:52,0
DA:55,4
DA:57,4
DA:58,2
DA:61,2
DA:63,2
DA:71,0
DA:73,0
DA:75,0
DA:78,0
DA:79,0
DA:81,0
DA:85,0
DA:87,0
DA:88,0
DA:91,0
DA:93,0
DA:102,1
DA:103,1
DA:104,1
DA:106,1
DA:110,1
DA:111,1
DA:113,0
DA:116,1
DA:117,1
DA:118,2
DA:120,1
DA:128,19
DA:130,19
DA:131,19
LF:48
LH:33
BRDA:17,0,0,18
BRDA:17,0,1,0
BRDA:57,1,0,2
BRDA:87,2,0,0
BRF:4
BRH:2
end_of_record
TN:
SF:src\routes\ProductRoutes.ts
FN:39,(anonymous_8)
FN:49,(anonymous_9)
FN:63,(anonymous_10)
FN:79,(anonymous_12)
FN:94,(anonymous_14)
FN:105,(anonymous_16)
FN:135,(anonymous_18)
FNF:7
FNH:0
FNDA:0,(anonymous_8)
FNDA:0,(anonymous_9)
FNDA:0,(anonymous_10)
FNDA:0,(anonymous_12)
FNDA:0,(anonymous_14)
FNDA:0,(anonymous_16)
FNDA:0,(anonymous_18)
DA:1,0
DA:3,0
DA:5,0
DA:8,0
DA:10,0
DA:11,0
DA:13,0
DA:14,0
DA:15,0
DA:19,0
DA:21,0
DA:36,0
DA:41,0
DA:42,0
DA:43,0
DA:46,0
DA:51,0
DA:52,0
DA:55,0
DA:56,0
DA:59,0
DA:64,0
DA:66,0
DA:67,0
DA:68,0
DA:69,0
DA:72,0
DA:73,0
DA:75,0
DA:80,0
DA:82,0
DA:83,0
DA:84,0
DA:87,0
DA:88,0
DA:90,0
DA:96,0
DA:97,0
DA:98,0
DA:100,0
DA:107,0
DA:110,0
DA:111,0
DA:112,0
DA:115,0
DA:119,0
DA:122,0
DA:123,0
DA:127,0
DA:128,0
DA:130,0
DA:137,0
DA:138,0
DA:139,0
DA:140,0
DA:143,0
DA:144,0
DA:146,0
DA:154,0
LF:59
LH:0
BRDA:83,0,0,0
BRDA:111,1,0,0
BRDA:115,2,0,0
BRDA:115,3,0,0
BRDA:115,3,1,0
BRDA:115,3,2,0
BRDA:122,4,0,0
BRDA:139,5,0,0
BRF:8
BRH:0
end_of_record
TN:
SF:src\routes\PurchaseRouter.ts
FN:37,(anonymous_8)
FN:51,(anonymous_9)
FN:62,(anonymous_10)
FN:75,(anonymous_12)
FN:87,(anonymous_14)
FN:104,(anonymous_16)
FN:130,(anonymous_18)
FNF:7
FNH:0
FNDA:0,(anonymous_8)
FNDA:0,(anonymous_9)
FNDA:0,(anonymous_10)
FNDA:0,(anonymous_12)
FNDA:0,(anonymous_14)
FNDA:0,(anonymous_16)
FNDA:0,(anonymous_18)
DA:1,0
DA:3,0
DA:5,0
DA:8,0
DA:9,0
DA:11,0
DA:12,0
DA:13,0
DA:14,0
DA:15,0
DA:16,0
DA:17,0
DA:21,0
DA:25,0
DA:28,0
DA:39,0
DA:41,0
DA:42,0
DA:44,0
DA:45,0
DA:48,0
DA:54,0
DA:55,0
DA:58,0
DA:59,0
DA:63,0
DA:65,0
DA:66,0
DA:68,0
DA:69,0
DA:71,0
DA:76,0
DA:78,0
DA:79,0
DA:80,0
DA:83,0
DA:88,0
DA:90,0
DA:91,0
DA:92,0
DA:95,0
DA:96,0
DA:100,0
DA:105,0
DA:107,0
DA:108,0
DA:109,0
DA:112,0
DA:113,0
DA:114,0
DA:118,0
DA:120,0
DA:121,0
DA:123,0
DA:126,0
DA:131,0
DA:133,0
DA:134,0
DA:135,0
DA:138,0
DA:141,0
DA:145,0
DA:146,0
DA:149,0
DA:155,0
LF:65
LH:0
BRDA:91,0,0,0
BRDA:108,1,0,0
BRDA:113,2,0,0
BRDA:120,3,0,0
BRDA:120,3,1,0
BRDA:134,4,0,0
BRDA:138,5,0,0
BRDA:138,6,0,0
BRDA:138,6,1,0
BRF:9
BRH:0
end_of_record
TN:
SF:src\routes\UserRoutes.ts
FN:52,(anonymous_8)
FN:61,(anonymous_9)
FN:68,(anonymous_10)
FN:92,(anonymous_12)
FNF:4
FNH:0
FNDA:0,(anonymous_8)
FNDA:0,(anonymous_9)
FNDA:0,(anonymous_10)
FNDA:0,(anonymous_12)
DA:1,0
DA:3,0
DA:5,0
DA:9,0
DA:10,0
DA:12,0
DA:16,0
DA:18,0
DA:30,0
DA:54,0
DA:55,0
DA:56,0
DA:58,0
DA:63,0
DA:64,0
DA:69,0
DA:70,0
DA:71,0
DA:74,0
DA:76,0
DA:78,0
DA:79,0
DA:82,0
DA:86,0
DA:93,0
DA:94,0
DA:95,0
DA:96,0
DA:98,0
DA:100,0
DA:103,0
DA:110,0
LF:32
LH:0
BRDA:76,0,0,0
BRDA:76,0,1,0
BRF:2
BRH:0
end_of_record
TN:
SF:src\routes\index.ts
FN:8,(anonymous_1)
FNF:1
FNH:0
FNDA:0,(anonymous_1)
DA:3,0
DA:4,0
DA:5,0
DA:7,0
DA:9,0
DA:10,0
DA:11,0
LF:7
LH:0
BRF:0
BRH:0
end_of_record
TN:
SF:src\service\JWTService.ts
FN:7,(anonymous_0)
FN:17,(anonymous_1)
FN:19,(anonymous_2)
FN:21,(anonymous_3)
FNF:4
FNH:4
FNDA:1,(anonymous_0)
FNDA:2,(anonymous_1)
FNDA:2,(anonymous_2)
FNDA:2,(anonymous_3)
DA:2,8
DA:3,8
DA:5,8
DA:9,1
DA:10,1
DA:11,1
DA:13,1
DA:14,1
DA:19,2
DA:21,2
DA:23,2
DA:24,1
DA:26,1
LF:13
LH:13
BRDA:23,0,0,1
BRDA:23,0,1,1
BRF:2
BRH:2
end_of_record
TN:
SF:src\service\ProductService.ts
FN:16,(anonymous_8)
FN:21,(anonymous_9)
FN:26,(anonymous_11)
FN:30,(anonymous_13)
FN:40,(anonymous_14)
FN:46,(anonymous_15)
FN:50,(anonymous_17)
FN:61,(anonymous_18)
FN:67,(anonymous_19)
FN:73,(anonymous_20)
FN:85,(anonymous_22)
FN:92,(anonymous_24)
FN:95,(anonymous_26)
FN:96,(anonymous_27)
FNF:14
FNH:10
FNDA:8,(anonymous_8)
FNDA:1,(anonymous_9)
FNDA:1,(anonymous_11)
FNDA:0,(anonymous_13)
FNDA:1,(anonymous_14)
FNDA:1,(anonymous_15)
FNDA:1,(anonymous_17)
FNDA:1,(anonymous_18)
FNDA:0,(anonymous_19)
FNDA:2,(anonymous_20)
FNDA:1,(anonymous_22)
FNDA:1,(anonymous_24)
FNDA:0,(anonymous_26)
FNDA:0,(anonymous_27)
DA:3,1
DA:4,1
DA:5,1
DA:7,1
DA:11,1
DA:12,1
DA:13,1
DA:14,1
DA:17,8
DA:22,1
DA:23,1
DA:28,1
DA:30,1
DA:35,1
DA:36,1
DA:41,1
DA:42,1
DA:48,1
DA:50,1
DA:54,1
DA:55,1
DA:57,1
DA:62,1
DA:63,1
DA:64,1
DA:68,0
DA:69,0
DA:75,2
DA:77,2
DA:78,2
DA:79,1
DA:82,2
DA:86,1
DA:88,1
DA:89,1
DA:93,1
DA:95,1
DA:96,1
LF:38
LH:36
BRDA:78,0,0,1
BRF:1
BRH:1
end_of_record
TN:
SF:src\service\PurchaseListService.ts
FN:7,(anonymous_7)
FN:11,(anonymous_8)
FN:17,(anonymous_10)
FN:29,(anonymous_12)
FNF:4
FNH:3
FNDA:4,(anonymous_7)
FNDA:0,(anonymous_8)
FNDA:1,(anonymous_10)
FNDA:3,(anonymous_12)
DA:3,1
DA:8,4
DA:13,0
DA:14,0
DA:19,1
DA:21,1
DA:22,1
DA:23,2
DA:26,1
DA:31,3
DA:33,3
DA:34,1
DA:38,2
DA:39,2
DA:40,1
DA:44,1
LF:16
LH:14
BRDA:33,0,0,1
BRDA:39,1,0,1
BRF:2
BRH:2
end_of_record
TN:
SF:src\service\UserService.ts
FN:12,(anonymous_8)
FN:17,(anonymous_9)
FN:32,(anonymous_11)
FN:44,(anonymous_13)
FN:63,(anonymous_15)
FN:67,(anonymous_16)
FN:71,(anonymous_17)
FN:82,(anonymous_19)
FNF:8
FNH:7
FNDA:8,(anonymous_8)
FNDA:2,(anonymous_9)
FNDA:3,(anonymous_11)
FNDA:1,(anonymous_13)
FNDA:2,(anonymous_15)
FNDA:1,(anonymous_16)
FNDA:2,(anonymous_17)
FNDA:0,(anonymous_19)
DA:2,6
DA:3,6
DA:4,6
DA:6,6
DA:10,6
DA:13,8
DA:19,2
DA:21,2
DA:22,1
DA:24,1
DA:25,1
DA:28,1
DA:34,3
DA:36,3
DA:37,2
DA:38,2
DA:40,1
DA:46,1
DA:47,1
DA:48,0
DA:51,1
DA:53,1
DA:54,1
DA:55,1
DA:57,0
DA:58,0
DA:64,2
DA:68,1
DA:73,2
DA:75,2
DA:76,1
DA:78,1
DA:84,0
DA:86,0
DA:87,0
DA:89,0
LF:36
LH:29
BRDA:21,0,0,1
BRDA:36,1,0,2
BRDA:47,2,0,0
BRDA:53,3,0,1
BRDA:53,3,1,0
BRDA:75,4,0,1
BRDA:86,5,0,0
BRF:7
BRH:4
end_of_record
TN:
SF:src\utils\utils.ts
FN:3,isAdmin
FNF:1
FNH:0
FNDA:0,isAdmin
DA:1,0
DA:3,0
DA:5,0
DA:6,0
DA:8,0
LF:5
LH:0
BRDA:5,0,0,0
BRDA:5,0,1,0
BRF:2
BRH:0
end_of_record
